#
# There is insufficient memory for the Java Runtime Environment to continue.
# Native memory allocation (malloc) failed to allocate 32744 bytes for ChunkPool::allocate
# Possible reasons:
#   The system is out of physical RAM or swap space
#   The process is running with CompressedOops enabled, and the Java Heap may be blocking the growth of the native heap
# Possible solutions:
#   Reduce memory load on the system
#   Increase physical memory or swap space
#   Check if swap backing store is full
#   Decrease Java heap size (-Xmx/-Xms)
#   Decrease number of Java threads
#   Decrease Java thread stack sizes (-Xss)
#   Set larger code cache with -XX:ReservedCodeCacheSize=
#   JVM is running with Unscaled Compressed Oops mode in which the Java heap is
#     placed in the first 4GB address space. The Java Heap base address is the
#     maximum limit for the native heap growth. Please use -XX:HeapBaseMinAddress
#     to set the Java Heap base and to place the Java Heap above 4GB virtual address.
# This output file may be truncated or incomplete.
#
#  Out of Memory Error (allocation.cpp:272), pid=2692, tid=0x0000000000001058
#
# JRE version: OpenJDK Runtime Environment (8.0_242-b01) (build 1.8.0_242-release-1644-b01)
# Java VM: OpenJDK 64-Bit Server VM (25.242-b01 mixed mode windows-amd64 compressed oops)
# Failed to write core dump. Minidumps are not enabled by default on client versions of Windows
#

---------------  T H R E A D  ---------------

Current thread (0x0000000057370800):  JavaThread "C2 CompilerThread0" daemon [_thread_in_native, id=4184, stack(0x00000000586b0000,0x00000000587b0000)]

Stack: [0x00000000586b0000,0x00000000587b0000]
[error occurred during error reporting (printing stack bounds), id 0xc0000005]

Native frames: (J=compiled Java code, j=interpreted, Vv=VM code, C=native code)


Current CompileTask:
C2: 115355 12729   !   4       java.io.ObjectOutputStream::writeObject0 (619 bytes)


---------------  P R O C E S S  ---------------

Java Threads: ( => current thread )
  0x000000005dd3f000 JavaThread "ForkJoinPool.commonPool-worker-0" daemon [_thread_blocked, id=4764, stack(0x0000000065ab0000,0x0000000065bb0000)]
  0x000000005dd3e000 JavaThread "ForkJoinPool.commonPool-worker-1" daemon [_thread_blocked, id=4832, stack(0x000000005c120000,0x000000005c220000)]
  0x000000005dd3d800 JavaThread "WorkerExecutor Queue Thread 2" [_thread_blocked, id=4800, stack(0x0000000064010000,0x0000000064110000)]
  0x000000005dd3c800 JavaThread "WorkerExecutor Queue" [_thread_blocked, id=4828, stack(0x0000000064bd0000,0x0000000064cd0000)]
  0x000000005dd3a800 JavaThread "Cache worker for Java compile cache (C:\Users\ruUreh\AndroidStudioProjects\QiosKu\.gradle\6.1.1\javaCompile)" [_thread_blocked, id=4420, stack(0x00000000649d0000,0x0000000064ad0000)]
  0x000000005ad5d800 JavaThread "Cache worker for execution history cache (C:\Users\ruUreh\AndroidStudioProjects\QiosKu\.gradle\6.1.1\executionHistory)" [_thread_in_Java, id=4756, stack(0x00000000611e0000,0x00000000612e0000)]
  0x000000005ad59000 JavaThread "Build operations Thread 2" [_thread_blocked, id=4644, stack(0x000000005bcf0000,0x000000005bdf0000)]
  0x000000005ad57800 JavaThread "Build operations" [_thread_blocked, id=4664, stack(0x000000005e9b0000,0x000000005eab0000)]
  0x00000000588c6800 JavaThread "Cache worker for cache directory md-rule (C:\Users\ruUreh\.gradle\caches\6.1.1\md-rule)" [_thread_blocked, id=4668, stack(0x0000000062a80000,0x0000000062b80000)]
  0x00000000588c3800 JavaThread "Cache worker for cache directory md-supplier (C:\Users\ruUreh\.gradle\caches\6.1.1\md-supplier)" [_thread_blocked, id=4768, stack(0x000000005cc00000,0x000000005cd00000)]
  0x00000000588c8000 JavaThread "Cache worker for file hash cache (C:\Users\ruUreh\AndroidStudioProjects\QiosKu\.gradle\6.1.1\fileHashes)" [_thread_blocked, id=3864, stack(0x0000000060a30000,0x0000000060b30000)]
  0x00000000588bc800 JavaThread "Cache worker for checksums cache (C:\Users\ruUreh\AndroidStudioProjects\QiosKu\.gradle\checksums)" [_thread_blocked, id=4400, stack(0x000000005bad0000,0x000000005bbd0000)]
  0x00000000588ba800 JavaThread "Thread-31" [_thread_blocked, id=4252, stack(0x000000005e640000,0x000000005e740000)]
  0x00000000588bb000 JavaThread "Stdin handler" [_thread_blocked, id=4384, stack(0x000000005c850000,0x000000005c950000)]
  0x00000000588c1000 JavaThread "Asynchronous log dispatcher for DefaultDaemonConnection: socket connection from /127.0.0.1:1157 to /127.0.0.1:1163" [_thread_blocked, id=2152, stack(0x000000005e240000,0x000000005e340000)]
  0x00000000588c2000 JavaThread "Cancel handler" [_thread_blocked, id=4224, stack(0x0000000058cb0000,0x0000000058db0000)]
  0x00000000588bc000 JavaThread "Handler for socket connection from /127.0.0.1:1157 to /127.0.0.1:1163" [_thread_in_native, id=4216, stack(0x000000005c6f0000,0x000000005c7f0000)]
  0x000000005ad56800 JavaThread "Cache worker for Java compile cache (C:\Users\ruUreh\.gradle\caches\6.1.1\javaCompile)" [_thread_blocked, id=2988, stack(0x0000000063ef0000,0x0000000063ff0000)]
  0x00000000588c5800 JavaThread "Cache worker for file content cache (C:\Users\ruUreh\.gradle\caches\6.1.1\fileContent)" [_thread_blocked, id=3112, stack(0x0000000062030000,0x0000000062130000)]
  0x00000000588c5000 JavaThread "Memory manager" [_thread_blocked, id=2560, stack(0x0000000061e10000,0x0000000061f10000)]
  0x00000000588bd800 JavaThread "Cache worker for execution history cache (C:\Users\ruUreh\.gradle\caches\6.1.1\executionHistory)" [_thread_blocked, id=3296, stack(0x000000005ead0000,0x000000005ebd0000)]
  0x00000000588b9800 JavaThread "Cache worker for file hash cache (C:\Users\ruUreh\.gradle\caches\6.1.1\fileHashes)" [_thread_blocked, id=2728, stack(0x000000005cf70000,0x000000005d070000)]
  0x00000000588b9000 JavaThread "File lock request listener" [_thread_in_native, id=3808, stack(0x000000005ce40000,0x000000005cf40000)]
  0x00000000588ae800 JavaThread "Cache worker for journal cache (C:\Users\ruUreh\.gradle\caches\journal-1)" [_thread_blocked, id=2760, stack(0x000000005cd10000,0x000000005ce10000)]
  0x000000005a024800 JavaThread "Daemon worker" [_thread_blocked, id=3704, stack(0x000000005c550000,0x000000005c650000)]
  0x000000005971a800 JavaThread "Daemon" [_thread_blocked, id=2404, stack(0x000000005c220000,0x000000005c320000)]
  0x0000000059f0e000 JavaThread "Daemon periodic checks" [_thread_blocked, id=4208, stack(0x000000005c000000,0x000000005c100000)]
  0x0000000059f0b000 JavaThread "Incoming local TCP Connector on port 1157" [_thread_in_native, id=4200, stack(0x000000005be00000,0x000000005bf00000)]
  0x000000005a90f800 JavaThread "Daemon health stats" [_thread_blocked, id=3180, stack(0x0000000058f30000,0x0000000059030000)]
  0x00000000587c8800 JavaThread "Service Thread" daemon [_thread_blocked, id=3768, stack(0x0000000058bb0000,0x0000000058cb0000)]
  0x000000005737a000 JavaThread "C1 CompilerThread1" daemon [_thread_blocked, id=4188, stack(0x0000000058380000,0x0000000058480000)]
=>0x0000000057370800 JavaThread "C2 CompilerThread0" daemon [_thread_in_native, id=4184, stack(0x00000000586b0000,0x00000000587b0000)]
  0x000000005736e800 JavaThread "Attach Listener" daemon [_thread_blocked, id=4180, stack(0x00000000584a0000,0x00000000585a0000)]
  0x000000005736d000 JavaThread "Signal Dispatcher" daemon [_thread_blocked, id=4176, stack(0x0000000058270000,0x0000000058370000)]
  0x000000005734e000 JavaThread "Finalizer" daemon [_thread_blocked, id=4100, stack(0x0000000058130000,0x0000000058230000)]
  0x0000000057345000 JavaThread "Reference Handler" daemon [_thread_blocked, id=4164, stack(0x0000000057ea0000,0x0000000057fa0000)]
  0x000000000231f000 JavaThread "main" [_thread_blocked, id=4152, stack(0x0000000002600000,0x0000000002700000)]

Other Threads:
  0x00000000572fd000 VMThread [stack: 0x0000000057d00000,0x0000000057e00000] [id=4132]
  0x00000000573cc800 WatcherThread [stack: 0x0000000058dc0000,0x0000000058ec0000] [id=468]

VM state:not at safepoint (normal execution)

VM Mutex/Monitor currently owned by a thread: None

OutOfMemory and StackOverflow Exception counts:
OutOfMemoryError java_heap_errors=1

heap address: 0x0000000080000000, size: 2048 MB, Compressed Oops mode: 32-bit
Narrow klass base: 0x0000000000000000, Narrow klass shift: 0
Compressed class space size: 1073741824 Address: 0x00000000169d0000

Heap:
 PSYoungGen      total 250368K, used 44556K [0x00000000d5580000, 0x00000000e8200000, 0x0000000100000000)
  eden space 219648K, 20% used [0x00000000d5580000,0x00000000d8103318,0x00000000e2c00000)
  from space 30720K, 0% used [0x00000000e2c00000,0x00000000e2c00000,0x00000000e4a00000)
  to   space 31232K, 0% used [0x00000000e6380000,0x00000000e6380000,0x00000000e8200000)
 ParOldGen       total 108544K, used 63027K [0x0000000080000000, 0x0000000086a00000, 0x00000000d5580000)
  object space 108544K, 58% used [0x0000000080000000,0x0000000083d8cf68,0x0000000086a00000)
 Metaspace       used 85029K, capacity 88788K, committed 88984K, reserved 1126400K
  class space    used 11299K, capacity 12085K, committed 12208K, reserved 1048576K

Card table byte_map: [0x0000000011d90000,0x00000000121a0000] byte_map_base: 0x0000000011990000

Marking Bits: (ParMarkBitMap*) 0x0000000073f5f030
 Begin Bits: [0x00000000125d0000, 0x00000000145d0000)
 End Bits:   [0x00000000145d0000, 0x00000000165d0000)

Polling page: 0x0000000000230000

CodeCache: size=245760Kb used=34037Kb max_used=34811Kb free=211722Kb
 bounds [0x00000000029d0000, 0x0000000004bf0000, 0x00000000119d0000]
 total_blobs=11750 nmethods=10892 adapters=771
 compilation: enabled

Compilation events (10 events):
Event: 115.211 Thread 0x0000000057370800 nmethod 12723 0x0000000003635810 code [0x0000000003635960, 0x0000000003635a18]
Event: 115.211 Thread 0x000000005737a000 12724       3       java.io.ObjectOutputStream$HandleTable::clear (27 bytes)
Event: 115.212 Thread 0x000000005737a000 nmethod 12724 0x0000000003635010 code [0x00000000036351a0, 0x00000000036355f8]
Event: 115.212 Thread 0x0000000057370800 12725       4       org.gradle.internal.io.StreamByteBuffer$StreamByteBufferOutputStream::write (115 bytes)
Event: 115.213 Thread 0x000000005737a000 12727       3       java.io.ObjectStreamClass::superHasAccessibleConstructor (151 bytes)
Event: 115.215 Thread 0x000000005737a000 nmethod 12727 0x0000000003238c90 code [0x0000000003238f60, 0x000000000323a108]
Event: 115.223 Thread 0x000000005737a000 12728       3       java.util.Collections$EmptyList::listIterator (4 bytes)
Event: 115.223 Thread 0x000000005737a000 nmethod 12728 0x00000000032388d0 code [0x0000000003238a40, 0x0000000003238bf0]
Event: 115.229 Thread 0x0000000057370800 nmethod 12725 0x0000000003cd7310 code [0x0000000003cd7480, 0x0000000003cd7928]
Event: 115.229 Thread 0x0000000057370800 12729   !   4       java.io.ObjectOutputStream::writeObject0 (619 bytes)

GC Heap History (10 events):
Event: 33.043 GC heap before
{Heap before GC invocations=17 (full 3):
 PSYoungGen      total 198144K, used 14842K [0x00000000d5580000, 0x00000000e3780000, 0x0000000100000000)
  eden space 183296K, 0% used [0x00000000d5580000,0x00000000d5580000,0x00000000e0880000)
  from space 14848K, 99% used [0x00000000e1d00000,0x00000000e2b7e910,0x00000000e2b80000)
  to   space 20992K, 0% used [0x00000000e0880000,0x00000000e0880000,0x00000000e1d00000)
 ParOldGen       total 33792K, used 30183K [0x0000000080000000, 0x0000000082100000, 0x00000000d5580000)
  object space 33792K, 89% used [0x0000000080000000,0x0000000081d79fb0,0x0000000082100000)
 Metaspace       used 57072K, capacity 59052K, committed 59160K, reserved 1099776K
  class space    used 7810K, capacity 8237K, committed 8240K, reserved 1048576K
Event: 35.985 GC heap after
Heap after GC invocations=17 (full 3):
 PSYoungGen      total 198144K, used 2371K [0x00000000d5580000, 0x00000000e3780000, 0x0000000100000000)
  eden space 183296K, 0% used [0x00000000d5580000,0x00000000d5580000,0x00000000e0880000)
  from space 14848K, 15% used [0x00000000e1d00000,0x00000000e1f50d00,0x00000000e2b80000)
  to   space 20992K, 0% used [0x00000000e0880000,0x00000000e0880000,0x00000000e1d00000)
 ParOldGen       total 62976K, used 33775K [0x0000000080000000, 0x0000000083d80000, 0x00000000d5580000)
  object space 62976K, 53% used [0x0000000080000000,0x00000000820fbf70,0x0000000083d80000)
 Metaspace       used 57068K, capacity 59040K, committed 59160K, reserved 1099776K
  class space    used 7809K, capacity 8235K, committed 8240K, reserved 1048576K
}
Event: 54.526 GC heap before
{Heap before GC invocations=18 (full 3):
 PSYoungGen      total 198144K, used 185667K [0x00000000d5580000, 0x00000000e3780000, 0x0000000100000000)
  eden space 183296K, 100% used [0x00000000d5580000,0x00000000e0880000,0x00000000e0880000)
  from space 14848K, 15% used [0x00000000e1d00000,0x00000000e1f50d00,0x00000000e2b80000)
  to   space 20992K, 0% used [0x00000000e0880000,0x00000000e0880000,0x00000000e1d00000)
 ParOldGen       total 62976K, used 33775K [0x0000000080000000, 0x0000000083d80000, 0x00000000d5580000)
  object space 62976K, 53% used [0x0000000080000000,0x00000000820fbf70,0x0000000083d80000)
 Metaspace       used 61907K, capacity 64456K, committed 64664K, reserved 1105920K
  class space    used 8484K, capacity 9049K, committed 9136K, reserved 1048576K
Event: 54.836 GC heap after
Heap after GC invocations=18 (full 3):
 PSYoungGen      total 204288K, used 16934K [0x00000000d5580000, 0x00000000e6100000, 0x0000000100000000)
  eden space 183296K, 0% used [0x00000000d5580000,0x00000000d5580000,0x00000000e0880000)
  from space 20992K, 80% used [0x00000000e0880000,0x00000000e1909ba0,0x00000000e1d00000)
  to   space 23552K, 0% used [0x00000000e4a00000,0x00000000e4a00000,0x00000000e6100000)
 ParOldGen       total 62976K, used 36298K [0x0000000080000000, 0x0000000083d80000, 0x00000000d5580000)
  object space 62976K, 57% used [0x0000000080000000,0x00000000823729f0,0x0000000083d80000)
 Metaspace       used 61907K, capacity 64456K, committed 64664K, reserved 1105920K
  class space    used 8484K, capacity 9049K, committed 9136K, reserved 1048576K
}
Event: 94.737 GC heap before
{Heap before GC invocations=19 (full 3):
 PSYoungGen      total 204288K, used 200230K [0x00000000d5580000, 0x00000000e6100000, 0x0000000100000000)
  eden space 183296K, 100% used [0x00000000d5580000,0x00000000e0880000,0x00000000e0880000)
  from space 20992K, 80% used [0x00000000e0880000,0x00000000e1909ba0,0x00000000e1d00000)
  to   space 23552K, 0% used [0x00000000e4a00000,0x00000000e4a00000,0x00000000e6100000)
 ParOldGen       total 62976K, used 36298K [0x0000000080000000, 0x0000000083d80000, 0x00000000d5580000)
  object space 62976K, 57% used [0x0000000080000000,0x00000000823729f0,0x0000000083d80000)
 Metaspace       used 71347K, capacity 74140K, committed 74264K, reserved 1114112K
  class space    used 9408K, capacity 9995K, committed 10032K, reserved 1048576K
Event: 94.877 GC heap after
Heap after GC invocations=19 (full 3):
 PSYoungGen      total 243200K, used 23544K [0x00000000d5580000, 0x00000000e6880000, 0x0000000100000000)
  eden space 219648K, 0% used [0x00000000d5580000,0x00000000d5580000,0x00000000e2c00000)
  from space 23552K, 99% used [0x00000000e4a00000,0x00000000e60fe088,0x00000000e6100000)
  to   space 30720K, 0% used [0x00000000e2c00000,0x00000000e2c00000,0x00000000e4a00000)
 ParOldGen       total 62976K, used 44546K [0x0000000080000000, 0x0000000083d80000, 0x00000000d5580000)
  object space 62976K, 70% used [0x0000000080000000,0x0000000082b80888,0x0000000083d80000)
 Metaspace       used 71347K, capacity 74140K, committed 74264K, reserved 1114112K
  class space    used 9408K, capacity 9995K, committed 10032K, reserved 1048576K
}
Event: 111.728 GC heap before
{Heap before GC invocations=20 (full 3):
 PSYoungGen      total 243200K, used 243192K [0x00000000d5580000, 0x00000000e6880000, 0x0000000100000000)
  eden space 219648K, 100% used [0x00000000d5580000,0x00000000e2c00000,0x00000000e2c00000)
  from space 23552K, 99% used [0x00000000e4a00000,0x00000000e60fe088,0x00000000e6100000)
  to   space 30720K, 0% used [0x00000000e2c00000,0x00000000e2c00000,0x00000000e4a00000)
 ParOldGen       total 62976K, used 44546K [0x0000000080000000, 0x0000000083d80000, 0x00000000d5580000)
  object space 62976K, 70% used [0x0000000080000000,0x0000000082b80888,0x0000000083d80000)
 Metaspace       used 83152K, capacity 86808K, committed 86936K, reserved 1124352K
  class space    used 11048K, capacity 11837K, committed 11952K, reserved 1048576K
Event: 111.912 GC heap after
Heap after GC invocations=20 (full 3):
 PSYoungGen      total 250368K, used 17182K [0x00000000d5580000, 0x00000000e8200000, 0x0000000100000000)
  eden space 219648K, 0% used [0x00000000d5580000,0x00000000d5580000,0x00000000e2c00000)
  from space 30720K, 55% used [0x00000000e2c00000,0x00000000e3cc7a78,0x00000000e4a00000)
  to   space 31232K, 0% used [0x00000000e6380000,0x00000000e6380000,0x00000000e8200000)
 ParOldGen       total 67584K, used 67351K [0x0000000080000000, 0x0000000084200000, 0x00000000d5580000)
  object space 67584K, 99% used [0x0000000080000000,0x00000000841c5f88,0x0000000084200000)
 Metaspace       used 83152K, capacity 86808K, committed 86936K, reserved 1124352K
  class space    used 11048K, capacity 11837K, committed 11952K, reserved 1048576K
}
Event: 111.916 GC heap before
{Heap before GC invocations=21 (full 4):
 PSYoungGen      total 250368K, used 17182K [0x00000000d5580000, 0x00000000e8200000, 0x0000000100000000)
  eden space 219648K, 0% used [0x00000000d5580000,0x00000000d5580000,0x00000000e2c00000)
  from space 30720K, 55% used [0x00000000e2c00000,0x00000000e3cc7a78,0x00000000e4a00000)
  to   space 31232K, 0% used [0x00000000e6380000,0x00000000e6380000,0x00000000e8200000)
 ParOldGen       total 67584K, used 67351K [0x0000000080000000, 0x0000000084200000, 0x00000000d5580000)
  object space 67584K, 99% used [0x0000000080000000,0x00000000841c5f88,0x0000000084200000)
 Metaspace       used 83152K, capacity 86808K, committed 86936K, reserved 1124352K
  class space    used 11048K, capacity 11837K, committed 11952K, reserved 1048576K
Event: 113.689 GC heap after
Heap after GC invocations=21 (full 4):
 PSYoungGen      total 250368K, used 0K [0x00000000d5580000, 0x00000000e8200000, 0x0000000100000000)
  eden space 219648K, 0% used [0x00000000d5580000,0x00000000d5580000,0x00000000e2c00000)
  from space 30720K, 0% used [0x00000000e2c00000,0x00000000e2c00000,0x00000000e4a00000)
  to   space 31232K, 0% used [0x00000000e6380000,0x00000000e6380000,0x00000000e8200000)
 ParOldGen       total 108544K, used 63027K [0x0000000080000000, 0x0000000086a00000, 0x00000000d5580000)
  object space 108544K, 58% used [0x0000000080000000,0x0000000083d8cf68,0x0000000086a00000)
 Metaspace       used 83150K, capacity 86802K, committed 86936K, reserved 1124352K
  class space    used 11047K, capacity 11836K, committed 11952K, reserved 1048576K
}

Deoptimization events (10 events):
Event: 114.351 Thread 0x000000005a024800 Uncommon trap: reason=unstable_if action=reinterpret pc=0x0000000003e4f518 method=sun.nio.fs.WindowsPathParser.isSlash(C)Z @ 9
Event: 114.383 Thread 0x000000005a024800 Uncommon trap: reason=predicate action=maybe_recompile pc=0x0000000004b95b30 method=java.util.TimSort.reverseRange([Ljava/lang/Object;II)V @ 8
Event: 114.509 Thread 0x000000005dd3c800 Uncommon trap: reason=unstable_if action=reinterpret pc=0x0000000003c52264 method=java.io.BufferedInputStream.fill()V @ 9
Event: 114.510 Thread 0x000000005dd3c800 Uncommon trap: reason=class_check action=maybe_recompile pc=0x0000000003005e34 method=java.io.DataInputStream.readUnsignedShort()I @ 4
Event: 114.511 Thread 0x000000005dd3c800 Uncommon trap: reason=unstable_if action=reinterpret pc=0x0000000002c4f990 method=java.io.BufferedInputStream.read([BII)I @ 31
Event: 114.511 Thread 0x000000005dd3c800 Uncommon trap: reason=class_check action=maybe_recompile pc=0x0000000003005e34 method=java.io.DataInputStream.readUnsignedShort()I @ 4
Event: 114.784 Thread 0x000000005dd3c800 Uncommon trap: reason=unstable_if action=reinterpret pc=0x0000000003c23830 method=java.nio.Buffer.limit(I)Ljava/nio/Buffer; @ 33
Event: 115.000 Thread 0x000000005a024800 Uncommon trap: reason=class_check action=maybe_recompile pc=0x0000000002c44d2c method=java.lang.Throwable.<init>(Ljava/lang/String;Ljava/lang/Throwable;)V @ 24
Event: 115.006 Thread 0x000000005a024800 Uncommon trap: reason=class_check action=maybe_recompile pc=0x0000000002c44d2c method=java.lang.Throwable.<init>(Ljava/lang/String;Ljava/lang/Throwable;)V @ 24
Event: 115.158 Thread 0x000000005a024800 Uncommon trap: reason=unstable_if action=reinterpret pc=0x00000000047b1644 method=java.util.HashMap.removeNode(ILjava/lang/Object;Ljava/lang/Object;ZZ)Ljava/util/HashMap$Node; @ 71

Classes redefined (0 events):
No events

Internal exceptions (10 events):
Event: 108.622 Thread 0x000000005dd3f000 Implicit null exception at 0x000000000326e7ef to 0x000000000326e8e1
Event: 109.890 Thread 0x000000005dd3e000 Exception <a 'sun/nio/fs/WindowsException'> (0x00000000e0c23bc0) thrown at [C:\src\AOSP-openjdk-git\hotspot\src\share\vm\prims\jni.cpp, line 710]
Event: 114.375 Thread 0x000000005a024800 Exception <a 'java/lang/NoSuchMethodError': <clinit>> (0x00000000d6d8abb8) thrown at [C:\src\AOSP-openjdk-git\hotspot\src\share\vm\prims\jni.cpp, line 1615]
Event: 114.375 Thread 0x000000005a024800 Exception <a 'java/lang/NoSuchMethodError': <clinit>> (0x00000000d6d8f9f8) thrown at [C:\src\AOSP-openjdk-git\hotspot\src\share\vm\prims\jni.cpp, line 1615]
Event: 114.384 Thread 0x000000005a024800 Exception <a 'java/lang/NoSuchMethodError': <clinit>> (0x00000000d6ddc548) thrown at [C:\src\AOSP-openjdk-git\hotspot\src\share\vm\prims\jni.cpp, line 1615]
Event: 114.562 Thread 0x000000005dd3c800 Exception <a 'java/lang/NoSuchMethodError': java.lang.Object.newSystemTemporaryDirectory()Lcom/android/tools/build/apkzlib/bytestorage/TemporaryDirectory;> (0x00000000d7294420) thrown at [C:\src\AOSP-openjdk-git\hotspot\src\share\vm\interpreter\linkResolv
Event: 114.711 Thread 0x000000005dd3c800 Exception <a 'java/lang/NoSuchMethodError': java.lang.Object.lambda$static$0(Lcom/android/apksig/util/RunnablesProvider;)V> (0x00000000d753c360) thrown at [C:\src\AOSP-openjdk-git\hotspot\src\share\vm\interpreter\linkResolver.cpp, line 620]
Event: 114.993 Thread 0x000000005dd3e000 Exception <a 'java/lang/OutOfMemoryError'> (0x00000000d75a19d8) thrown at [C:\src\AOSP-openjdk-git\hotspot\src\share\vm\prims\unsafe.cpp, line 618]
Event: 115.006 Thread 0x000000005a024800 Exception <a 'java/lang/reflect/InvocationTargetException'> (0x00000000d6eca868) thrown at [C:\src\AOSP-openjdk-git\hotspot\src\share\vm\runtime\reflection.cpp, line 1092]
Event: 115.168 Thread 0x000000005a024800 Exception <a 'sun/nio/fs/WindowsException'> (0x00000000d7d8cdb8) thrown at [C:\src\AOSP-openjdk-git\hotspot\src\share\vm\prims\jni.cpp, line 710]

Events (10 events):
Event: 115.255 Executing VM operation: RevokeBias
Event: 115.256 Executing VM operation: RevokeBias done
Event: 115.257 Thread 0x000000005ad59800 DEOPT PACKING pc=0x000000000345826c sp=0x000000006200f190
Event: 115.257 Thread 0x000000005ad59800 DEOPT UNPACKING pc=0x0000000002a171d0 sp=0x000000006200efb0 mode 0
Event: 115.258 Executing VM operation: RevokeBias
Event: 115.258 Executing VM operation: RevokeBias done
Event: 115.258 Executing VM operation: RevokeBias
Event: 115.258 Executing VM operation: RevokeBias done
Event: 115.258 Thread 0x000000005ad5a800 Thread exited: 0x000000005ad5a800
Event: 115.261 Thread 0x000000005ad59800 Thread exited: 0x000000005ad59800


Dynamic libraries:
0x000000013f180000 - 0x000000013f1b1000 	C:\Program Files\Android\Android Studio\jre\bin\java.exe
0x0000000077000000 - 0x000000007719f000 	C:\Windows\SYSTEM32\ntdll.dll
0x0000000076de0000 - 0x0000000076eff000 	C:\Windows\system32\kernel32.dll
0x000007fefd070000 - 0x000007fefd0da000 	C:\Windows\system32\KERNELBASE.dll
0x000007fefeb80000 - 0x000007fefec5b000 	C:\Windows\system32\ADVAPI32.dll
0x000007fefeae0000 - 0x000007fefeb7f000 	C:\Windows\system32\msvcrt.dll
0x000007fefe6e0000 - 0x000007fefe6ff000 	C:\Windows\SYSTEM32\sechost.dll
0x000007fefe880000 - 0x000007fefe9ac000 	C:\Windows\system32\RPCRT4.dll
0x0000000076f00000 - 0x0000000076ffa000 	C:\Windows\system32\USER32.dll
0x000007fefe180000 - 0x000007fefe1e7000 	C:\Windows\system32\GDI32.dll
0x000007fefeec0000 - 0x000007fefeece000 	C:\Windows\system32\LPK.dll
0x000007fefe700000 - 0x000007fefe7c9000 	C:\Windows\system32\USP10.dll
0x000007fefb940000 - 0x000007fefbb34000 	C:\Windows\WinSxS\amd64_microsoft.windows.common-controls_6595b64144ccf1df_6.0.7601.17514_none_fa396087175ac9ac\COMCTL32.dll
0x000007feff000000 - 0x000007feff071000 	C:\Windows\system32\SHLWAPI.dll
0x000007fefe850000 - 0x000007fefe87e000 	C:\Windows\system32\IMM32.DLL
0x000007fefe9b0000 - 0x000007fefeab9000 	C:\Windows\system32\MSCTF.dll
0x0000000072c60000 - 0x0000000072d32000 	C:\Program Files\Android\Android Studio\jre\jre\bin\msvcr100.dll
0x0000000073790000 - 0x0000000073fdb000 	C:\Program Files\Android\Android Studio\jre\jre\bin\server\jvm.dll
0x000007fef1d90000 - 0x000007fef1d99000 	C:\Windows\system32\WSOCK32.dll
0x000007fefd3d0000 - 0x000007fefd41d000 	C:\Windows\system32\WS2_32.dll
0x000007fefe0d0000 - 0x000007fefe0d8000 	C:\Windows\system32\NSI.dll
0x000007fef7eb0000 - 0x000007fef7eeb000 	C:\Windows\system32\WINMM.dll
0x000007fefc120000 - 0x000007fefc12c000 	C:\Windows\system32\VERSION.dll
0x00000000771a0000 - 0x00000000771a7000 	C:\Windows\system32\PSAPI.DLL
0x000007fef0890000 - 0x000007fef089f000 	C:\Program Files\Android\Android Studio\jre\jre\bin\verify.dll
0x000007fef04c0000 - 0x000007fef04e9000 	C:\Program Files\Android\Android Studio\jre\jre\bin\java.dll
0x000007fef0870000 - 0x000007fef0886000 	C:\Program Files\Android\Android Studio\jre\jre\bin\zip.dll
0x000007fefd420000 - 0x000007fefe0c9000 	C:\Windows\system32\SHELL32.dll
0x000007feff0e0000 - 0x000007feff2e3000 	C:\Windows\system32\ole32.dll
0x000007fefcfc0000 - 0x000007fefcfcf000 	C:\Windows\system32\profapi.dll
0x000007fef03d0000 - 0x000007fef03ea000 	C:\Program Files\Android\Android Studio\jre\jre\bin\net.dll
0x000007fefc7a0000 - 0x000007fefc7f5000 	C:\Windows\system32\mswsock.dll
0x000007fefc790000 - 0x000007fefc797000 	C:\Windows\System32\wship6.dll
0x000007fef03b0000 - 0x000007fef03c3000 	C:\Program Files\Android\Android Studio\jre\jre\bin\nio.dll
0x000007feecc10000 - 0x000007feecc36000 	C:\Users\ruUreh\.gradle\native\31\windows-amd64\native-platform.dll
0x000007fefaee0000 - 0x000007fefaee3000 	C:\Windows\system32\api-ms-win-core-synch-l1-2-0.DLL
0x000007fef07c0000 - 0x000007fef07cd000 	C:\Program Files\Android\Android Studio\jre\jre\bin\management.dll
0x000007fefc800000 - 0x000007fefc818000 	C:\Windows\system32\CRYPTSP.dll
0x000007fefc500000 - 0x000007fefc547000 	C:\Windows\system32\rsaenh.dll
0x000007fefc310000 - 0x000007fefc32e000 	C:\Windows\system32\USERENV.dll
0x000007fefcef0000 - 0x000007fefceff000 	C:\Windows\system32\CRYPTBASE.dll
0x000007fef9360000 - 0x000007fef9387000 	C:\Windows\system32\IPHLPAPI.DLL
0x000007fef9320000 - 0x000007fef932b000 	C:\Windows\system32\WINNSI.DLL
0x000007fef9090000 - 0x000007fef90a1000 	C:\Windows\system32\dhcpcsvc6.DLL
0x000007fef90b0000 - 0x000007fef90c8000 	C:\Windows\system32\dhcpcsvc.DLL

VM Arguments:
jvm_args: -Xmx2048m -Dfile.encoding=windows-1252 -Duser.country=US -Duser.language=en -Duser.variant 
java_command: org.gradle.launcher.daemon.bootstrap.GradleDaemon 6.1.1
java_class_path (initial): C:\Users\ruUreh\.gradle\wrapper\dists\gradle-6.1.1-all\cfmwm155h49vnt3hynmlrsdst\gradle-6.1.1\lib\gradle-launcher-6.1.1.jar
Launcher Type: SUN_STANDARD

Environment Variables:
PATH=C:\Perl64\bin;C:\Users\ruUreh\AppData\Roaming\ActiveState\bin;C:\Python27\;C:\Python27\Scripts;C:\Program Files (x86)\Common Files\Oracle\Java\javapath;C:\Program Files (x86)\Common Files\Intel\Shared Files\cpp\bin\Intel64;C:\ProgramData\Oracle\Java\javapath;C:\Windows\system32;C:\Windows;C:\Windows\System32\Wbem;C:\Windows\System32\WindowsPowerShell\v1.0\;C:\Program Files\NetBeans 8.2\bin;C:\Program Files (x86)\Intel\OpenCL SDK\3.0\bin\x86;C:\Program Files (x86)\Intel\OpenCL SDK\3.0\bin\x64;c:\Program Files (x86)\Microsoft SQL Server\100\Tools\Binn\;c:\Program Files\Microsoft SQL Server\100\Tools\Binn\;c:\Program Files\Microsoft SQL Server\100\DTS\Binn\;c:\xampp;C:\metasploit;C:\users\ruureh\downloads;C:\xampp\php;C:\Python27;C:\Python27\Scripts;C:\Program Files\Git\cmd;C:\Program Files\Git;C:\xampp\htdocs\android\secret\git\sqlmap\;C:\Windows\System32\WindowsPowerShell\v1.0\;C:\Users\ruUreh\Desktop\Shell backdoor\curl-7.70.0-win64-mingw\bin;C:\ProgramData\ComposerSetup\bin;C:\Program Files\Java\jdk1.8.0_111\bin;C:\Users\ruUreh\AppData\Local\Programs\Python\Python38;C:\Program Files\Go\bin;C:\Users\ruUreh\AppData\Local\Android\Sdk\build-tools\29.0.3;C:\flutter\bin;C:\Users\ruUreh\Downloads\platform-tools;C:\python38;C:\python38\Scripts;C:\Ruby27-x64\bin;C:\Users\ruUreh\AppData\Roaming\Composer\vendor\bin;C:\Program Files\heroku\bin;C:\metasploit-framework\bin;C:\users\ruureh\desktop\source\dex\dex2jar-2.0\;C:\Users\ruUreh\AppData\Local\Programs\Microsoft VS Code\bin;C:\Users\ruUreh\go\bin;C:\Program Files (x86)\Nmap;C:\Users\ruUreh\AppData\Roaming\npm;C:\Users\ruUreh\AppData\Local\atom\bin
USERNAME=ruUreh
OS=Windows_NT
PROCESSOR_IDENTIFIER=Intel64 Family 6 Model 42 Stepping 7, GenuineIntel



---------------  S Y S T E M  ---------------

OS: Windows 7 , 64 bit Build 7601 (6.1.7601.24384)

CPU:total 2 (initial active 2) (2 cores per cpu, 1 threads per core) family 6 model 42 stepping 7, cmov, cx8, fxsr, mmx, sse, sse2, sse3, ssse3, sse4.1, sse4.2, popcnt, clmul, tsc, tscinvbit

Memory: 4k page, physical 1978148k(80220k free), swap 3510548k(4828k free)

vm_info: OpenJDK 64-Bit Server VM (25.242-b01) for windows-amd64 JRE (1.8.0_242-release-1644-b01), built by "builder" with MS VC++ 10.0 (VS2010)

time: Wed Oct 20 07:11:51 2021
timezone: SE Asia Standard Time
elapsed time: 115 seconds (0d 0h 1m 55s)

