#
# There is insufficient memory for the Java Runtime Environment to continue.
# Native memory allocation (malloc) failed to allocate 324816 bytes for Chunk::new
# Possible reasons:
#   The system is out of physical RAM or swap space
#   The process is running with CompressedOops enabled, and the Java Heap may be blocking the growth of the native heap
# Possible solutions:
#   Reduce memory load on the system
#   Increase physical memory or swap space
#   Check if swap backing store is full
#   Decrease Java heap size (-Xmx/-Xms)
#   Decrease number of Java threads
#   Decrease Java thread stack sizes (-Xss)
#   Set larger code cache with -XX:ReservedCodeCacheSize=
#   JVM is running with Unscaled Compressed Oops mode in which the Java heap is
#     placed in the first 4GB address space. The Java Heap base address is the
#     maximum limit for the native heap growth. Please use -XX:HeapBaseMinAddress
#     to set the Java Heap base and to place the Java Heap above 4GB virtual address.
# This output file may be truncated or incomplete.
#
#  Out of Memory Error (allocation.cpp:389), pid=2776, tid=0x00000000000006f0
#
# JRE version: OpenJDK Runtime Environment (8.0_242-b01) (build 1.8.0_242-release-1644-b01)
# Java VM: OpenJDK 64-Bit Server VM (25.242-b01 mixed mode windows-amd64 compressed oops)
# Failed to write core dump. Minidumps are not enabled by default on client versions of Windows
#

---------------  T H R E A D  ---------------

Current thread (0x0000000057582000):  JavaThread "C2 CompilerThread0" daemon [_thread_in_native, id=1776, stack(0x0000000058360000,0x0000000058460000)]

Stack: [0x0000000058360000,0x0000000058460000]
[error occurred during error reporting (printing stack bounds), id 0xc0000005]

Native frames: (J=compiled Java code, j=interpreted, Vv=VM code, C=native code)


Current CompileTask:
C2: 452604 16343       4       com.sun.beans.TypeResolver::resolve (37 bytes)


---------------  P R O C E S S  ---------------

Java Threads: ( => current thread )
  0x000000005fc1f800 JavaThread "Build operations Thread 2" [_thread_blocked, id=3188, stack(0x0000000061a80000,0x0000000061b80000)]
  0x000000005fc1a000 JavaThread "Build operations" [_thread_blocked, id=3904, stack(0x0000000062c50000,0x0000000062d50000)]
  0x000000005fc21000 JavaThread "Cache worker for cache directory md-rule (C:\Users\ruUreh\.gradle\caches\6.1.1\md-rule)" [_thread_blocked, id=2388, stack(0x00000000621f0000,0x00000000622f0000)]
  0x000000005fc1c800 JavaThread "Cache worker for cache directory md-supplier (C:\Users\ruUreh\.gradle\caches\6.1.1\md-supplier)" [_thread_blocked, id=796, stack(0x000000005e870000,0x000000005e970000)]
  0x0000000058a51800 JavaThread "Cache worker for file hash cache (C:\Users\ruUreh\AndroidStudioProjects\QiosKu\.gradle\6.1.1\fileHashes)" [_thread_blocked, id=3568, stack(0x00000000597d0000,0x00000000598d0000)]
  0x0000000058a50800 JavaThread "Cache worker for checksums cache (C:\Users\ruUreh\AndroidStudioProjects\QiosKu\.gradle\checksums)" [_thread_blocked, id=2560, stack(0x000000005ebc0000,0x000000005ecc0000)]
  0x0000000058a50000 JavaThread "Thread-37" [_thread_blocked, id=3768, stack(0x0000000061190000,0x0000000061290000)]
  0x0000000058a4f000 JavaThread "Stdin handler" [_thread_blocked, id=3536, stack(0x0000000061530000,0x0000000061630000)]
  0x0000000058a4b800 JavaThread "Asynchronous log dispatcher for DefaultDaemonConnection: socket connection from /127.0.0.1:1083 to /127.0.0.1:1093" [_thread_blocked, id=2180, stack(0x00000000609a0000,0x0000000060aa0000)]
  0x0000000059704000 JavaThread "Daemon worker Thread 2" [_thread_in_vm, id=3520, stack(0x000000005e980000,0x000000005ea80000)]
  0x0000000059701800 JavaThread "Cancel handler" [_thread_blocked, id=3604, stack(0x000000005c570000,0x000000005c670000)]
  0x0000000059702800 JavaThread "Handler for socket connection from /127.0.0.1:1083 to /127.0.0.1:1093" [_thread_in_native, id=3296, stack(0x000000005c670000,0x000000005c770000)]
  0x0000000059703000 JavaThread "Daemon Thread 2" [_thread_blocked, id=3556, stack(0x000000005c430000,0x000000005c530000)]
  0x0000000058a4a800 JavaThread "Cache worker for Java compile cache (C:\Users\ruUreh\.gradle\caches\6.1.1\javaCompile)" [_thread_blocked, id=2432, stack(0x0000000065060000,0x0000000065160000)]
  0x000000005af82000 JavaThread "Cache worker for file content cache (C:\Users\ruUreh\.gradle\caches\6.1.1\fileContent)" [_thread_blocked, id=2916, stack(0x00000000623f0000,0x00000000624f0000)]
  0x000000005af81000 JavaThread "Memory manager" [_thread_blocked, id=3752, stack(0x00000000622f0000,0x00000000623f0000)]
  0x0000000059704800 JavaThread "Cache worker for execution history cache (C:\Users\ruUreh\.gradle\caches\6.1.1\executionHistory)" [_thread_blocked, id=2016, stack(0x000000005ea90000,0x000000005eb90000)]
  0x0000000059701000 JavaThread "Cache worker for file hash cache (C:\Users\ruUreh\.gradle\caches\6.1.1\fileHashes)" [_thread_blocked, id=2032, stack(0x000000005d170000,0x000000005d270000)]
  0x0000000059700000 JavaThread "File lock request listener" [_thread_in_native, id=1500, stack(0x000000005d060000,0x000000005d160000)]
  0x0000000059ba9000 JavaThread "Cache worker for journal cache (C:\Users\ruUreh\.gradle\caches\journal-1)" [_thread_blocked, id=2328, stack(0x000000005ce80000,0x000000005cf80000)]
  0x0000000058ae6800 JavaThread "Daemon periodic checks" [_thread_blocked, id=3572, stack(0x000000005bfa0000,0x000000005c0a0000)]
  0x0000000059b49800 JavaThread "Incoming local TCP Connector on port 1083" [_thread_in_native, id=2520, stack(0x000000005bd40000,0x000000005be40000)]
  0x000000005a998800 JavaThread "Daemon health stats" [_thread_blocked, id=3148, stack(0x000000005ba10000,0x000000005bb10000)]
  0x00000000575dd000 JavaThread "Service Thread" daemon [_thread_blocked, id=2968, stack(0x0000000058ce0000,0x0000000058de0000)]
  0x000000005758c000 JavaThread "C1 CompilerThread1" daemon [_thread_blocked, id=1620, stack(0x0000000058740000,0x0000000058840000)]
=>0x0000000057582000 JavaThread "C2 CompilerThread0" daemon [_thread_in_native, id=1776, stack(0x0000000058360000,0x0000000058460000)]
  0x0000000057580800 JavaThread "Attach Listener" daemon [_thread_blocked, id=3820, stack(0x0000000058590000,0x0000000058690000)]
  0x000000005757f000 JavaThread "Signal Dispatcher" daemon [_thread_blocked, id=3144, stack(0x0000000058460000,0x0000000058560000)]
  0x000000005755e000 JavaThread "Finalizer" daemon [_thread_blocked, id=3828, stack(0x0000000058170000,0x0000000058270000)]
  0x0000000057555000 JavaThread "Reference Handler" daemon [_thread_blocked, id=3832, stack(0x0000000057fa0000,0x00000000580a0000)]
  0x00000000002cf000 JavaThread "main" [_thread_blocked, id=3084, stack(0x0000000002630000,0x0000000002730000)]

Other Threads:
  0x000000005750d000 VMThread [stack: 0x0000000057dc0000,0x0000000057ec0000] [id=2632]
  0x00000000575df800 WatcherThread [stack: 0x0000000058ec0000,0x0000000058fc0000] [id=476]

VM state:not at safepoint (normal execution)

VM Mutex/Monitor currently owned by a thread: None

heap address: 0x0000000080000000, size: 2048 MB, Compressed Oops mode: 32-bit
Narrow klass base: 0x0000000000000000, Narrow klass shift: 0
Compressed class space size: 1073741824 Address: 0x0000000016be0000

Heap:
 PSYoungGen      total 605696K, used 99643K [0x00000000d5580000, 0x00000000fc680000, 0x0000000100000000)
  eden space 585728K, 15% used [0x00000000d5580000,0x00000000daf85ef8,0x00000000f9180000)
  from space 19968K, 37% used [0x00000000fb300000,0x00000000fba48d48,0x00000000fc680000)
  to   space 27136K, 0% used [0x00000000f9180000,0x00000000f9180000,0x00000000fac00000)
 ParOldGen       total 107008K, used 86421K [0x0000000080000000, 0x0000000086880000, 0x00000000d5580000)
  object space 107008K, 80% used [0x0000000080000000,0x00000000854656c0,0x0000000086880000)
 Metaspace       used 89681K, capacity 93949K, committed 94256K, reserved 1130496K
  class space    used 11649K, capacity 12493K, committed 12592K, reserved 1048576K

Card table byte_map: [0x0000000011dc0000,0x00000000121d0000] byte_map_base: 0x00000000119c0000

Marking Bits: (ParMarkBitMap*) 0x0000000073f5f030
 Begin Bits: [0x00000000127e0000, 0x00000000147e0000)
 End Bits:   [0x00000000147e0000, 0x00000000167e0000)

Polling page: 0x0000000000230000

CodeCache: size=245760Kb used=45226Kb max_used=45226Kb free=200533Kb
 bounds [0x0000000002a00000, 0x0000000005670000, 0x0000000011a00000]
 total_blobs=14740 nmethods=13876 adapters=774
 compilation: enabled

Compilation events (10 events):
Event: 452.025 Thread 0x000000005758c000 16557       2       org.gradle.api.internal.artifacts.ivyservice.moduleconverter.dependencies.DefaultExcludeRuleConverter::<init> (10 bytes)
Event: 452.025 Thread 0x000000005758c000 nmethod 16557 0x000000000565f510 code [0x000000000565f660, 0x000000000565f7d0]
Event: 452.033 Thread 0x000000005758c000 16558       2       org.gradle.tooling.internal.provider.runner.PluginApplicationTracker$$Lambda$66/371828603::apply (14 bytes)
Event: 452.034 Thread 0x000000005758c000 nmethod 16558 0x000000000565f850 code [0x000000000565f9c0, 0x000000000565fb68]
Event: 452.034 Thread 0x000000005758c000 16559       2       org.gradle.api.internal.provider.Collectors$ElementFromProvider::<init> (10 bytes)
Event: 452.034 Thread 0x000000005758c000 nmethod 16559 0x000000000565fc50 code [0x000000000565fda0, 0x000000000565ff10]
Event: 452.083 Thread 0x000000005758c000 16560       2       org.gradle.internal.time.DefaultCountdownTimer::<init> (30 bytes)
Event: 452.084 Thread 0x000000005758c000 nmethod 16560 0x000000000565ff90 code [0x0000000005660100, 0x00000000056603d8]
Event: 452.084 Thread 0x000000005758c000 16561       2       java.util.concurrent.TimeUnit$3::toMillis (2 bytes)
Event: 452.084 Thread 0x000000005758c000 nmethod 16561 0x00000000056605d0 code [0x0000000005660720, 0x0000000005660870]

GC Heap History (10 events):
Event: 127.626 GC heap before
{Heap before GC invocations=32 (full 4):
 PSYoungGen      total 427520K, used 415918K [0x00000000d5580000, 0x00000000f4080000, 0x0000000100000000)
  eden space 402944K, 100% used [0x00000000d5580000,0x00000000edf00000,0x00000000edf00000)
  from space 24576K, 52% used [0x00000000edf00000,0x00000000eebabbb0,0x00000000ef700000)
  to   space 24064K, 0% used [0x00000000f2900000,0x00000000f2900000,0x00000000f4080000)
 ParOldGen       total 107008K, used 83430K [0x0000000080000000, 0x0000000086880000, 0x00000000d5580000)
  object space 107008K, 77% used [0x0000000080000000,0x00000000851799b0,0x0000000086880000)
 Metaspace       used 84569K, capacity 88263K, committed 88496K, reserved 1126400K
  class space    used 11182K, capacity 11887K, committed 11952K, reserved 1048576K
Event: 127.825 GC heap after
Heap after GC invocations=32 (full 4):
 PSYoungGen      total 476160K, used 20807K [0x00000000d5580000, 0x00000000f4880000, 0x0000000100000000)
  eden space 452096K, 0% used [0x00000000d5580000,0x00000000d5580000,0x00000000f0f00000)
  from space 24064K, 86% used [0x00000000f2900000,0x00000000f3d51f00,0x00000000f4080000)
  to   space 26624K, 0% used [0x00000000f0f00000,0x00000000f0f00000,0x00000000f2900000)
 ParOldGen       total 107008K, used 83430K [0x0000000080000000, 0x0000000086880000, 0x00000000d5580000)
  object space 107008K, 77% used [0x0000000080000000,0x00000000851799b0,0x0000000086880000)
 Metaspace       used 84569K, capacity 88263K, committed 88496K, reserved 1126400K
  class space    used 11182K, capacity 11887K, committed 11952K, reserved 1048576K
}
Event: 134.095 GC heap before
{Heap before GC invocations=33 (full 4):
 PSYoungGen      total 476160K, used 472903K [0x00000000d5580000, 0x00000000f4880000, 0x0000000100000000)
  eden space 452096K, 100% used [0x00000000d5580000,0x00000000f0f00000,0x00000000f0f00000)
  from space 24064K, 86% used [0x00000000f2900000,0x00000000f3d51f00,0x00000000f4080000)
  to   space 26624K, 0% used [0x00000000f0f00000,0x00000000f0f00000,0x00000000f2900000)
 ParOldGen       total 107008K, used 83430K [0x0000000080000000, 0x0000000086880000, 0x00000000d5580000)
  object space 107008K, 77% used [0x0000000080000000,0x00000000851799b0,0x0000000086880000)
 Metaspace       used 84577K, capacity 88267K, committed 88496K, reserved 1126400K
  class space    used 11182K, capacity 11887K, committed 11952K, reserved 1048576K
Event: 134.225 GC heap after
Heap after GC invocations=33 (full 4):
 PSYoungGen      total 478720K, used 19203K [0x00000000d5580000, 0x00000000f8180000, 0x0000000100000000)
  eden space 452096K, 0% used [0x00000000d5580000,0x00000000d5580000,0x00000000f0f00000)
  from space 26624K, 72% used [0x00000000f0f00000,0x00000000f21c0e60,0x00000000f2900000)
  to   space 28160K, 0% used [0x00000000f6600000,0x00000000f6600000,0x00000000f8180000)
 ParOldGen       total 107008K, used 83430K [0x0000000080000000, 0x0000000086880000, 0x00000000d5580000)
  object space 107008K, 77% used [0x0000000080000000,0x00000000851799b0,0x0000000086880000)
 Metaspace       used 84577K, capacity 88267K, committed 88496K, reserved 1126400K
  class space    used 11182K, capacity 11887K, committed 11952K, reserved 1048576K
}
Event: 141.298 GC heap before
{Heap before GC invocations=34 (full 4):
 PSYoungGen      total 478720K, used 471299K [0x00000000d5580000, 0x00000000f8180000, 0x0000000100000000)
  eden space 452096K, 100% used [0x00000000d5580000,0x00000000f0f00000,0x00000000f0f00000)
  from space 26624K, 72% used [0x00000000f0f00000,0x00000000f21c0e60,0x00000000f2900000)
  to   space 28160K, 0% used [0x00000000f6600000,0x00000000f6600000,0x00000000f8180000)
 ParOldGen       total 107008K, used 83430K [0x0000000080000000, 0x0000000086880000, 0x00000000d5580000)
  object space 107008K, 77% used [0x0000000080000000,0x00000000851799b0,0x0000000086880000)
 Metaspace       used 84608K, capacity 88331K, committed 88496K, reserved 1126400K
  class space    used 11182K, capacity 11887K, committed 11952K, reserved 1048576K
Event: 141.536 GC heap after
Heap after GC invocations=34 (full 4):
 PSYoungGen      total 542208K, used 14163K [0x00000000d5580000, 0x00000000f8380000, 0x0000000100000000)
  eden space 514048K, 0% used [0x00000000d5580000,0x00000000d5580000,0x00000000f4b80000)
  from space 28160K, 50% used [0x00000000f6600000,0x00000000f73d4c60,0x00000000f8180000)
  to   space 27136K, 0% used [0x00000000f4b80000,0x00000000f4b80000,0x00000000f6600000)
 ParOldGen       total 107008K, used 83430K [0x0000000080000000, 0x0000000086880000, 0x00000000d5580000)
  object space 107008K, 77% used [0x0000000080000000,0x00000000851799b0,0x0000000086880000)
 Metaspace       used 84608K, capacity 88331K, committed 88496K, reserved 1126400K
  class space    used 11182K, capacity 11887K, committed 11952K, reserved 1048576K
}
Event: 147.562 GC heap before
{Heap before GC invocations=35 (full 4):
 PSYoungGen      total 542208K, used 528211K [0x00000000d5580000, 0x00000000f8380000, 0x0000000100000000)
  eden space 514048K, 100% used [0x00000000d5580000,0x00000000f4b80000,0x00000000f4b80000)
  from space 28160K, 50% used [0x00000000f6600000,0x00000000f73d4c60,0x00000000f8180000)
  to   space 27136K, 0% used [0x00000000f4b80000,0x00000000f4b80000,0x00000000f6600000)
 ParOldGen       total 107008K, used 83430K [0x0000000080000000, 0x0000000086880000, 0x00000000d5580000)
  object space 107008K, 77% used [0x0000000080000000,0x00000000851799b0,0x0000000086880000)
 Metaspace       used 84613K, capacity 88331K, committed 88496K, reserved 1126400K
  class space    used 11182K, capacity 11887K, committed 11952K, reserved 1048576K
Event: 147.770 GC heap after
Heap after GC invocations=35 (full 4):
 PSYoungGen      total 541184K, used 17747K [0x00000000d5580000, 0x00000000fce80000, 0x0000000100000000)
  eden space 514048K, 0% used [0x00000000d5580000,0x00000000d5580000,0x00000000f4b80000)
  from space 27136K, 65% used [0x00000000f4b80000,0x00000000f5cd4d48,0x00000000f6600000)
  to   space 28160K, 0% used [0x00000000fb300000,0x00000000fb300000,0x00000000fce80000)
 ParOldGen       total 107008K, used 84590K [0x0000000080000000, 0x0000000086880000, 0x00000000d5580000)
  object space 107008K, 79% used [0x0000000080000000,0x000000008529b9b0,0x0000000086880000)
 Metaspace       used 84613K, capacity 88331K, committed 88496K, reserved 1126400K
  class space    used 11182K, capacity 11887K, committed 11952K, reserved 1048576K
}
Event: 155.357 GC heap before
{Heap before GC invocations=36 (full 4):
 PSYoungGen      total 541184K, used 531795K [0x00000000d5580000, 0x00000000fce80000, 0x0000000100000000)
  eden space 514048K, 100% used [0x00000000d5580000,0x00000000f4b80000,0x00000000f4b80000)
  from space 27136K, 65% used [0x00000000f4b80000,0x00000000f5cd4d48,0x00000000f6600000)
  to   space 28160K, 0% used [0x00000000fb300000,0x00000000fb300000,0x00000000fce80000)
 ParOldGen       total 107008K, used 84590K [0x0000000080000000, 0x0000000086880000, 0x00000000d5580000)
  object space 107008K, 79% used [0x0000000080000000,0x000000008529b9b0,0x0000000086880000)
 Metaspace       used 85710K, capacity 89571K, committed 89648K, reserved 1126400K
  class space    used 11301K, capacity 12053K, committed 12080K, reserved 1048576K
Event: 155.443 GC heap after
Heap after GC invocations=36 (full 4):
 PSYoungGen      total 605696K, used 7459K [0x00000000d5580000, 0x00000000fc680000, 0x0000000100000000)
  eden space 585728K, 0% used [0x00000000d5580000,0x00000000d5580000,0x00000000f9180000)
  from space 19968K, 37% used [0x00000000fb300000,0x00000000fba48d48,0x00000000fc680000)
  to   space 27136K, 0% used [0x00000000f9180000,0x00000000f9180000,0x00000000fac00000)
 ParOldGen       total 107008K, used 86421K [0x0000000080000000, 0x0000000086880000, 0x00000000d5580000)
  object space 107008K, 80% used [0x0000000080000000,0x00000000854656c0,0x0000000086880000)
 Metaspace       used 85710K, capacity 89571K, committed 89648K, reserved 1126400K
  class space    used 11301K, capacity 12053K, committed 12080K, reserved 1048576K
}

Deoptimization events (10 events):
Event: 451.015 Thread 0x0000000059704000 Uncommon trap: reason=bimorphic action=maybe_recompile pc=0x00000000047a60d0 method=com.google.common.cache.LocalCache$Segment.getEntry(Ljava/lang/Object;I)Lcom/google/common/cache/ReferenceEntry; @ 24
Event: 451.032 Thread 0x0000000059704000 Uncommon trap: reason=bimorphic action=maybe_recompile pc=0x0000000003514048 method=org.codehaus.groovy.runtime.metaclass.MetaMethodIndex.addMethodToList(Ljava/lang/Object;Lgroovy/lang/MetaMethod;)Ljava/lang/Object; @ 96
Event: 451.033 Thread 0x0000000059704000 Uncommon trap: reason=unstable_if action=reinterpret pc=0x0000000003513f74 method=org.codehaus.groovy.runtime.metaclass.MetaMethodIndex.isNonRealMethod(Lgroovy/lang/MetaMethod;)Z @ 4
Event: 451.214 Thread 0x0000000059704000 Uncommon trap: reason=unstable_if action=reinterpret pc=0x00000000030b6ea8 method=java.lang.ClassLoader.checkCerts(Ljava/lang/String;Ljava/security/CodeSource;)V @ 29
Event: 451.215 Thread 0x0000000059704000 Uncommon trap: reason=unstable_if action=reinterpret pc=0x0000000003b247fc method=java.lang.ClassLoader.defineClassSourceLocation(Ljava/security/ProtectionDomain;)Ljava/lang/String; @ 8
Event: 451.229 Thread 0x0000000059704000 Uncommon trap: reason=class_check action=maybe_recompile pc=0x00000000030c9070 method=java.util.WeakHashMap.eq(Ljava/lang/Object;Ljava/lang/Object;)Z @ 7
Event: 451.257 Thread 0x0000000059704000 Uncommon trap: reason=bimorphic action=maybe_recompile pc=0x00000000047a60d0 method=com.google.common.cache.LocalCache$Segment.getEntry(Ljava/lang/Object;I)Lcom/google/common/cache/ReferenceEntry; @ 24
Event: 451.258 Thread 0x0000000059704000 Uncommon trap: reason=unstable_if action=reinterpret pc=0x0000000003f697b4 method=org.gradle.cache.internal.DefaultCrossBuildInMemoryCacheFactory$AbstractCrossBuildInMemoryCache.getIfPresent(Ljava/lang/Object;)Ljava/lang/Object; @ 24
Event: 451.272 Thread 0x0000000059704000 Uncommon trap: reason=bimorphic action=maybe_recompile pc=0x0000000003c581d0 method=com.google.common.cache.LocalCache$Segment.getEntry(Ljava/lang/Object;I)Lcom/google/common/cache/ReferenceEntry; @ 24
Event: 451.297 Thread 0x0000000059704000 Uncommon trap: reason=bimorphic action=maybe_recompile pc=0x000000000532b4cc method=java.util.Collections$UnmodifiableCollection.isEmpty()Z @ 4

Classes redefined (0 events):
No events

Internal exceptions (10 events):
Event: 451.206 Thread 0x0000000059704000 Exception <a 'java/lang/ClassNotFoundException': groovy/lang/MetaPropertyCustomizer> (0x00000000d9fa9058) thrown at [C:\src\AOSP-openjdk-git\hotspot\src\share\vm\classfile\systemDictionary.cpp, line 210]
Event: 451.207 Thread 0x0000000059704000 Exception <a 'java/lang/ClassNotFoundException': org/codehaus/groovy/reflection/CachedFieldCustomizer> (0x00000000d9fc88e8) thrown at [C:\src\AOSP-openjdk-git\hotspot\src\share\vm\classfile\systemDictionary.cpp, line 210]
Event: 451.214 Thread 0x0000000059704000 Implicit null exception at 0x00000000030b60be to 0x00000000030b6e99
Event: 451.214 Thread 0x0000000059704000 Implicit null exception at 0x0000000003b24323 to 0x0000000003b247b9
Event: 451.223 Thread 0x0000000059704000 Exception <a 'java/lang/ClassNotFoundException': java/util/ArrayListBeanInfo> (0x00000000da0ef590) thrown at [C:\src\AOSP-openjdk-git\hotspot\src\share\vm\classfile\systemDictionary.cpp, line 210]
Event: 451.224 Thread 0x0000000059704000 Exception <a 'java/lang/ClassNotFoundException': java/util/AbstractListBeanInfo> (0x00000000da0f9ad8) thrown at [C:\src\AOSP-openjdk-git\hotspot\src\share\vm\classfile\systemDictionary.cpp, line 210]
Event: 451.224 Thread 0x0000000059704000 Exception <a 'java/lang/ClassNotFoundException': java/util/AbstractListCustomizer> (0x00000000da1045f8) thrown at [C:\src\AOSP-openjdk-git\hotspot\src\share\vm\classfile\systemDictionary.cpp, line 210]
Event: 451.228 Thread 0x0000000059704000 Exception <a 'java/lang/ClassNotFoundException': java/util/ArrayListCustomizer> (0x00000000da11be20) thrown at [C:\src\AOSP-openjdk-git\hotspot\src\share\vm\classfile\systemDictionary.cpp, line 210]
Event: 451.237 Thread 0x0000000059704000 Exception <a 'java/lang/ClassNotFoundException': java/util/CollectionBeanInfo> (0x00000000da1a22e8) thrown at [C:\src\AOSP-openjdk-git\hotspot\src\share\vm\classfile\systemDictionary.cpp, line 210]
Event: 451.237 Thread 0x0000000059704000 Exception <a 'java/lang/ClassNotFoundException': java/util/CollectionCustomizer> (0x00000000da1ac7c0) thrown at [C:\src\AOSP-openjdk-git\hotspot\src\share\vm\classfile\systemDictionary.cpp, line 210]

Events (10 events):
Event: 452.240 loading class org/codehaus/groovy/control/ErrorCollector
Event: 452.240 loading class org/codehaus/groovy/control/ErrorCollector done
Event: 452.241 loading class org/codehaus/groovy/syntax/SyntaxException
Event: 452.241 loading class org/codehaus/groovy/syntax/SyntaxException done
Event: 452.247 loading class org/codehaus/groovy/GroovyException
Event: 452.247 loading class org/codehaus/groovy/GroovyException done
Event: 452.248 loading class org/codehaus/groovy/control/messages/LocatedMessage
Event: 452.248 loading class org/codehaus/groovy/control/messages/LocatedMessage done
Event: 452.249 loading class org/codehaus/groovy/control/messages/SimpleMessage
Event: 452.249 loading class org/codehaus/groovy/control/messages/SimpleMessage done


Dynamic libraries:
0x000000013f920000 - 0x000000013f951000 	C:\Program Files\Android\Android Studio\jre\bin\java.exe
0x0000000077000000 - 0x000000007719f000 	C:\Windows\SYSTEM32\ntdll.dll
0x0000000076de0000 - 0x0000000076eff000 	C:\Windows\system32\kernel32.dll
0x000007fefd070000 - 0x000007fefd0da000 	C:\Windows\system32\KERNELBASE.dll
0x000007fefeb80000 - 0x000007fefec5b000 	C:\Windows\system32\ADVAPI32.dll
0x000007fefeae0000 - 0x000007fefeb7f000 	C:\Windows\system32\msvcrt.dll
0x000007fefe6e0000 - 0x000007fefe6ff000 	C:\Windows\SYSTEM32\sechost.dll
0x000007fefe880000 - 0x000007fefe9ac000 	C:\Windows\system32\RPCRT4.dll
0x0000000076f00000 - 0x0000000076ffa000 	C:\Windows\system32\USER32.dll
0x000007fefe180000 - 0x000007fefe1e7000 	C:\Windows\system32\GDI32.dll
0x000007fefeec0000 - 0x000007fefeece000 	C:\Windows\system32\LPK.dll
0x000007fefe700000 - 0x000007fefe7c9000 	C:\Windows\system32\USP10.dll
0x000007fefb940000 - 0x000007fefbb34000 	C:\Windows\WinSxS\amd64_microsoft.windows.common-controls_6595b64144ccf1df_6.0.7601.17514_none_fa396087175ac9ac\COMCTL32.dll
0x000007feff000000 - 0x000007feff071000 	C:\Windows\system32\SHLWAPI.dll
0x000007fefe850000 - 0x000007fefe87e000 	C:\Windows\system32\IMM32.DLL
0x000007fefe9b0000 - 0x000007fefeab9000 	C:\Windows\system32\MSCTF.dll
0x00000000736b0000 - 0x0000000073782000 	C:\Program Files\Android\Android Studio\jre\jre\bin\msvcr100.dll
0x0000000073790000 - 0x0000000073fdb000 	C:\Program Files\Android\Android Studio\jre\jre\bin\server\jvm.dll
0x000007fef1d90000 - 0x000007fef1d99000 	C:\Windows\system32\WSOCK32.dll
0x000007fefd3d0000 - 0x000007fefd41d000 	C:\Windows\system32\WS2_32.dll
0x000007fefe0d0000 - 0x000007fefe0d8000 	C:\Windows\system32\NSI.dll
0x000007fef7eb0000 - 0x000007fef7eeb000 	C:\Windows\system32\WINMM.dll
0x000007fefc120000 - 0x000007fefc12c000 	C:\Windows\system32\VERSION.dll
0x00000000771a0000 - 0x00000000771a7000 	C:\Windows\system32\PSAPI.DLL
0x000007fef0890000 - 0x000007fef089f000 	C:\Program Files\Android\Android Studio\jre\jre\bin\verify.dll
0x000007fef04c0000 - 0x000007fef04e9000 	C:\Program Files\Android\Android Studio\jre\jre\bin\java.dll
0x000007fef0870000 - 0x000007fef0886000 	C:\Program Files\Android\Android Studio\jre\jre\bin\zip.dll
0x000007fefd420000 - 0x000007fefe0c9000 	C:\Windows\system32\SHELL32.dll
0x000007feff0e0000 - 0x000007feff2e3000 	C:\Windows\system32\ole32.dll
0x000007fefcfc0000 - 0x000007fefcfcf000 	C:\Windows\system32\profapi.dll
0x000007fef03d0000 - 0x000007fef03ea000 	C:\Program Files\Android\Android Studio\jre\jre\bin\net.dll
0x000007fefc7a0000 - 0x000007fefc7f5000 	C:\Windows\system32\mswsock.dll
0x000007fefc790000 - 0x000007fefc797000 	C:\Windows\System32\wship6.dll
0x000007fef03b0000 - 0x000007fef03c3000 	C:\Program Files\Android\Android Studio\jre\jre\bin\nio.dll
0x000007feecc10000 - 0x000007feecc36000 	C:\Users\ruUreh\.gradle\native\31\windows-amd64\native-platform.dll
0x000007fefaee0000 - 0x000007fefaee3000 	C:\Windows\system32\api-ms-win-core-synch-l1-2-0.DLL
0x000007fef07c0000 - 0x000007fef07cd000 	C:\Program Files\Android\Android Studio\jre\jre\bin\management.dll
0x000007fefc800000 - 0x000007fefc818000 	C:\Windows\system32\CRYPTSP.dll
0x000007fefc500000 - 0x000007fefc547000 	C:\Windows\system32\rsaenh.dll
0x000007fefc310000 - 0x000007fefc32e000 	C:\Windows\system32\USERENV.dll
0x000007fefcef0000 - 0x000007fefceff000 	C:\Windows\system32\CRYPTBASE.dll
0x000007fef9360000 - 0x000007fef9387000 	C:\Windows\system32\IPHLPAPI.DLL
0x000007fef9320000 - 0x000007fef932b000 	C:\Windows\system32\WINNSI.DLL
0x000007fef9090000 - 0x000007fef90a1000 	C:\Windows\system32\dhcpcsvc6.DLL
0x000007fef90b0000 - 0x000007fef90c8000 	C:\Windows\system32\dhcpcsvc.DLL
0x000007fefce50000 - 0x000007fefcea7000 	C:\Windows\system32\apphelp.dll

VM Arguments:
jvm_args: -Xmx2048m -Dfile.encoding=windows-1252 -Duser.country=US -Duser.language=en -Duser.variant 
java_command: org.gradle.launcher.daemon.bootstrap.GradleDaemon 6.1.1
java_class_path (initial): C:\Users\ruUreh\.gradle\wrapper\dists\gradle-6.1.1-all\cfmwm155h49vnt3hynmlrsdst\gradle-6.1.1\lib\gradle-launcher-6.1.1.jar
Launcher Type: SUN_STANDARD

Environment Variables:
PATH=C:\Perl64\bin;C:\Users\ruUreh\AppData\Roaming\ActiveState\bin;C:\Python27\;C:\Python27\Scripts;C:\Program Files (x86)\Common Files\Oracle\Java\javapath;C:\Program Files (x86)\Common Files\Intel\Shared Files\cpp\bin\Intel64;C:\ProgramData\Oracle\Java\javapath;C:\Windows\system32;C:\Windows;C:\Windows\System32\Wbem;C:\Windows\System32\WindowsPowerShell\v1.0\;C:\Program Files\NetBeans 8.2\bin;C:\Program Files (x86)\Intel\OpenCL SDK\3.0\bin\x86;C:\Program Files (x86)\Intel\OpenCL SDK\3.0\bin\x64;c:\Program Files (x86)\Microsoft SQL Server\100\Tools\Binn\;c:\Program Files\Microsoft SQL Server\100\Tools\Binn\;c:\Program Files\Microsoft SQL Server\100\DTS\Binn\;c:\xampp;C:\metasploit;C:\users\ruureh\downloads;C:\xampp\php;C:\Python27;C:\Python27\Scripts;C:\Program Files\Git\cmd;C:\Program Files\Git;C:\xampp\htdocs\android\secret\git\sqlmap\;C:\Windows\System32\WindowsPowerShell\v1.0\;C:\Users\ruUreh\Desktop\Shell backdoor\curl-7.70.0-win64-mingw\bin;C:\ProgramData\ComposerSetup\bin;C:\Program Files\Java\jdk1.8.0_111\bin;C:\Users\ruUreh\AppData\Local\Programs\Python\Python38;C:\Program Files\Go\bin;C:\Users\ruUreh\AppData\Local\Android\Sdk\build-tools\29.0.3;C:\flutter\bin;C:\Users\ruUreh\Downloads\platform-tools;C:\python38;C:\python38\Scripts;C:\Ruby27-x64\bin;C:\Users\ruUreh\AppData\Roaming\Composer\vendor\bin;C:\Program Files\heroku\bin;C:\metasploit-framework\bin;C:\users\ruureh\desktop\source\dex\dex2jar-2.0\;C:\Users\ruUreh\AppData\Local\Programs\Microsoft VS Code\bin;C:\Users\ruUreh\go\bin;C:\Program Files (x86)\Nmap;C:\Users\ruUreh\AppData\Roaming\npm;C:\Users\ruUreh\AppData\Local\atom\bin
USERNAME=ruUreh
OS=Windows_NT
PROCESSOR_IDENTIFIER=Intel64 Family 6 Model 42 Stepping 7, GenuineIntel



---------------  S Y S T E M  ---------------

OS: Windows 7 , 64 bit Build 7601 (6.1.7601.24384)

CPU:total 2 (initial active 2) (2 cores per cpu, 1 threads per core) family 6 model 42 stepping 7, cmov, cx8, fxsr, mmx, sse, sse2, sse3, ssse3, sse4.1, sse4.2, popcnt, clmul, tsc, tscinvbit

Memory: 4k page, physical 1978148k(68264k free), swap 3510548k(5100k free)

vm_info: OpenJDK 64-Bit Server VM (25.242-b01) for windows-amd64 JRE (1.8.0_242-release-1644-b01), built by "builder" with MS VC++ 10.0 (VS2010)

time: Wed Oct 20 06:56:25 2021
timezone: SE Asia Standard Time
elapsed time: 452 seconds (0d 0h 7m 32s)

