#
# There is insufficient memory for the Java Runtime Environment to continue.
# Native memory allocation (malloc) failed to allocate 61760 bytes for Chunk::new
# Possible reasons:
#   The system is out of physical RAM or swap space
#   The process is running with CompressedOops enabled, and the Java Heap may be blocking the growth of the native heap
# Possible solutions:
#   Reduce memory load on the system
#   Increase physical memory or swap space
#   Check if swap backing store is full
#   Decrease Java heap size (-Xmx/-Xms)
#   Decrease number of Java threads
#   Decrease Java thread stack sizes (-Xss)
#   Set larger code cache with -XX:ReservedCodeCacheSize=
#   JVM is running with Unscaled Compressed Oops mode in which the Java heap is
#     placed in the first 4GB address space. The Java Heap base address is the
#     maximum limit for the native heap growth. Please use -XX:HeapBaseMinAddress
#     to set the Java Heap base and to place the Java Heap above 4GB virtual address.
# This output file may be truncated or incomplete.
#
#  Out of Memory Error (allocation.cpp:389), pid=4356, tid=0x0000000000001278
#
# JRE version: OpenJDK Runtime Environment (8.0_242-b01) (build 1.8.0_242-release-1644-b01)
# Java VM: OpenJDK 64-Bit Server VM (25.242-b01 mixed mode windows-amd64 compressed oops)
# Failed to write core dump. Minidumps are not enabled by default on client versions of Windows
#

---------------  T H R E A D  ---------------

Current thread (0x0000000057484000):  JavaThread "C2 CompilerThread0" daemon [_thread_in_native, id=4728, stack(0x0000000058760000,0x0000000058860000)]

Stack: [0x0000000058760000,0x0000000058860000]
[error occurred during error reporting (printing stack bounds), id 0xc0000005]

Native frames: (J=compiled Java code, j=interpreted, Vv=VM code, C=native code)


Current CompileTask:
C2:  43962 5195   !   4       java.net.URLClassLoader$1::run (63 bytes)


---------------  P R O C E S S  ---------------

Java Threads: ( => current thread )
  0x000000005d782000 JavaThread "Cache worker for file content cache (C:\Users\ruUreh\AndroidStudioProjects\QiosKu\.gradle\6.1.1\fileContent)" [_thread_blocked, id=4216, stack(0x0000000062230000,0x0000000062330000)]
  0x000000005d82b000 JavaThread "Cache worker for file content cache (C:\Users\ruUreh\.gradle\caches\6.1.1\fileContent)" [_thread_blocked, id=2292, stack(0x0000000061f60000,0x0000000062060000)]
  0x000000005d82a000 JavaThread "Memory manager" [_thread_blocked, id=2568, stack(0x0000000061d90000,0x0000000061e90000)]
  0x000000005d828800 JavaThread "Cache worker for Build Output Cleanup Cache (C:\Users\ruUreh\AndroidStudioProjects\QiosKu\.gradle\buildOutputCleanup)" [_thread_blocked, id=2584, stack(0x0000000061050000,0x0000000061150000)]
  0x000000005d826000 JavaThread "Build operations Thread 2" [_thread_blocked, id=4792, stack(0x000000005e850000,0x000000005e950000)]
  0x000000005d825800 JavaThread "Build operations" [_thread_blocked, id=2708, stack(0x0000000060920000,0x0000000060a20000)]
  0x0000000059c27000 JavaThread "Cache worker for execution history cache (C:\Users\ruUreh\.gradle\caches\6.1.1\executionHistory)" [_thread_blocked, id=3480, stack(0x000000005eae0000,0x000000005ebe0000)]
  0x0000000059c26000 JavaThread "Cache worker for cache directory md-rule (C:\Users\ruUreh\.gradle\caches\6.1.1\md-rule)" [_thread_blocked, id=4956, stack(0x000000005c7f0000,0x000000005c8f0000)]
  0x0000000059c25800 JavaThread "Cache worker for cache directory md-supplier (C:\Users\ruUreh\.gradle\caches\6.1.1\md-supplier)" [_thread_blocked, id=4768, stack(0x000000005e970000,0x000000005ea70000)]
  0x0000000059c24800 JavaThread "Cache worker for file hash cache (C:\Users\ruUreh\AndroidStudioProjects\QiosKu\.gradle\6.1.1\fileHashes)" [_thread_blocked, id=2416, stack(0x000000005e340000,0x000000005e440000)]
  0x0000000059c24000 JavaThread "Cache worker for checksums cache (C:\Users\ruUreh\AndroidStudioProjects\QiosKu\.gradle\checksums)" [_thread_blocked, id=4752, stack(0x0000000058c70000,0x0000000058d70000)]
  0x0000000059c23000 JavaThread "Cache worker for file hash cache (C:\Users\ruUreh\.gradle\caches\6.1.1\fileHashes)" [_thread_blocked, id=2960, stack(0x000000005d060000,0x000000005d160000)]
  0x0000000059c22800 JavaThread "File lock request listener" [_thread_in_native, id=3584, stack(0x000000005cdf0000,0x000000005cef0000)]
  0x0000000059c34800 JavaThread "Cache worker for journal cache (C:\Users\ruUreh\.gradle\caches\journal-1)" [_thread_blocked, id=1552, stack(0x000000005ccc0000,0x000000005cdc0000)]
  0x0000000058992800 JavaThread "Thread-9" [_thread_blocked, id=4304, stack(0x000000005c910000,0x000000005ca10000)]
  0x000000005897a000 JavaThread "Stdin handler" [_thread_blocked, id=4944, stack(0x000000005c4b0000,0x000000005c5b0000)]
  0x000000005898a800 JavaThread "Asynchronous log dispatcher for DefaultDaemonConnection: socket connection from /127.0.0.1:20453 to /127.0.0.1:20454" [_thread_blocked, id=432, stack(0x000000005c6e0000,0x000000005c7e0000)]
  0x0000000058999800 JavaThread "Daemon worker" [_thread_in_native, id=1672, stack(0x0000000059810000,0x0000000059910000)]
  0x0000000058998000 JavaThread "Cancel handler" [_thread_blocked, id=2344, stack(0x000000005c5d0000,0x000000005c6d0000)]
  0x000000005a0ec000 JavaThread "Handler for socket connection from /127.0.0.1:20453 to /127.0.0.1:20454" [_thread_in_native, id=4320, stack(0x000000005c180000,0x000000005c280000)]
  0x000000005a0e7000 JavaThread "Daemon" [_thread_blocked, id=2172, stack(0x000000005bfd0000,0x000000005c0d0000)]
  0x000000005a0d8000 JavaThread "Daemon periodic checks" [_thread_blocked, id=1620, stack(0x000000005bea0000,0x000000005bfa0000)]
  0x000000005a0f1000 JavaThread "Incoming local TCP Connector on port 20453" [_thread_in_native, id=2440, stack(0x000000005bd30000,0x000000005be30000)]
  0x00000000596e3000 JavaThread "Daemon health stats" [_thread_blocked, id=3080, stack(0x0000000058150000,0x0000000058250000)]
  0x0000000058884800 JavaThread "Service Thread" daemon [_thread_blocked, id=2692, stack(0x0000000058d90000,0x0000000058e90000)]
  0x0000000057495800 JavaThread "C1 CompilerThread1" daemon [_thread_in_native, id=2400, stack(0x0000000057dd0000,0x0000000057ed0000)]
=>0x0000000057484000 JavaThread "C2 CompilerThread0" daemon [_thread_in_native, id=4728, stack(0x0000000058760000,0x0000000058860000)]
  0x000000005747e800 JavaThread "Attach Listener" daemon [_thread_blocked, id=4460, stack(0x0000000058590000,0x0000000058690000)]
  0x000000005747d000 JavaThread "Signal Dispatcher" daemon [_thread_blocked, id=4656, stack(0x0000000058400000,0x0000000058500000)]
  0x000000005745e000 JavaThread "Finalizer" daemon [_thread_blocked, id=3632, stack(0x0000000058270000,0x0000000058370000)]
  0x0000000057455000 JavaThread "Reference Handler" daemon [_thread_blocked, id=4288, stack(0x0000000058000000,0x0000000058100000)]
  0x00000000022af000 JavaThread "main" [_thread_blocked, id=4868, stack(0x0000000002480000,0x0000000002580000)]

Other Threads:
  0x000000005740d000 VMThread [stack: 0x0000000057ed0000,0x0000000057fd0000] [id=1044]
  0x00000000574dd800 WatcherThread [stack: 0x0000000058f00000,0x0000000059000000] [id=3096]

VM state:not at safepoint (normal execution)

VM Mutex/Monitor currently owned by a thread: None

heap address: 0x0000000080000000, size: 2048 MB, Compressed Oops mode: 32-bit
Narrow klass base: 0x0000000000000000, Narrow klass shift: 0
Compressed class space size: 1073741824 Address: 0x0000000016ae0000

Heap:
 PSYoungGen      total 196608K, used 24096K [0x00000000d5580000, 0x00000000e3c80000, 0x0000000100000000)
  eden space 181760K, 11% used [0x00000000d5580000,0x00000000d69c8700,0x00000000e0700000)
  from space 14848K, 22% used [0x00000000e1b80000,0x00000000e1ebf938,0x00000000e2a00000)
  to   space 20992K, 0% used [0x00000000e0700000,0x00000000e0700000,0x00000000e1b80000)
 ParOldGen       total 33792K, used 33400K [0x0000000080000000, 0x0000000082100000, 0x00000000d5580000)
  object space 33792K, 98% used [0x0000000080000000,0x000000008209e380,0x0000000082100000)
 Metaspace       used 57946K, capacity 60090K, committed 60184K, reserved 1101824K
  class space    used 7964K, capacity 8462K, committed 8496K, reserved 1048576K

Card table byte_map: [0x0000000011c10000,0x0000000012020000] byte_map_base: 0x0000000011810000

Marking Bits: (ParMarkBitMap*) 0x0000000071d9f030
 Begin Bits: [0x00000000126e0000, 0x00000000146e0000)
 End Bits:   [0x00000000146e0000, 0x00000000166e0000)

Polling page: 0x0000000001c60000

CodeCache: size=245760Kb used=16662Kb max_used=16662Kb free=229098Kb
 bounds [0x0000000002850000, 0x00000000038b0000, 0x0000000011850000]
 total_blobs=5785 nmethods=5006 adapters=693
 compilation: enabled

Compilation events (10 events):
Event: 43.687 Thread 0x0000000057495800 5444       1       org.gradle.api.internal.artifacts.ivyservice.resolveengine.graph.conflicts.PotentialConflictFactory$NoConflict::conflictExists (2 bytes)
Event: 43.688 Thread 0x0000000057495800 nmethod 5444 0x000000000389f6d0 code [0x000000000389f820, 0x000000000389f930]
Event: 43.688 Thread 0x0000000057495800 5445       1       org.gradle.api.internal.artifacts.ivyservice.resolveengine.VirtualComponentMetadataResolver::isFetchingMetadataCheap (2 bytes)
Event: 43.688 Thread 0x0000000057495800 nmethod 5445 0x000000000389f990 code [0x000000000389fae0, 0x000000000389fbf0]
Event: 43.688 Thread 0x0000000057495800 5446       1       org.gradle.api.internal.artifacts.ivyservice.projectmodule.ProjectDependencyResolver::isFetchingMetadataCheap (2 bytes)
Event: 43.688 Thread 0x0000000057495800 nmethod 5446 0x000000000389fc50 code [0x000000000389fda0, 0x000000000389feb0]
Event: 43.766 Thread 0x0000000057495800 5447       3       org.gradle.api.internal.artifacts.repositories.metadata.DefaultMetadataFileSource::hashCode (23 bytes)
Event: 43.767 Thread 0x0000000057495800 nmethod 5447 0x000000000389ff10 code [0x00000000038a0080, 0x00000000038a02f8]
Event: 43.767 Thread 0x0000000057495800 5448       3       org.gradle.internal.component.local.model.ComponentFileArtifactIdentifier::hashCode (16 bytes)
Event: 43.768 Thread 0x0000000057495800 nmethod 5448 0x00000000038a0410 code [0x00000000038a0580, 0x00000000038a0878]

GC Heap History (10 events):
Event: 21.836 GC heap before
{Heap before GC invocations=13 (full 1):
 PSYoungGen      total 116736K, used 16854K [0x00000000d5580000, 0x00000000def00000, 0x0000000100000000)
  eden space 107008K, 8% used [0x00000000d5580000,0x00000000d5eb3f28,0x00000000dbe00000)
  from space 9728K, 76% used [0x00000000dbe00000,0x00000000dc541948,0x00000000dc780000)
  to   space 10240K, 0% used [0x00000000de500000,0x00000000de500000,0x00000000def00000)
 ParOldGen       total 26624K, used 14872K [0x0000000080000000, 0x0000000081a00000, 0x00000000d5580000)
  object space 26624K, 55% used [0x0000000080000000,0x0000000080e86108,0x0000000081a00000)
 Metaspace       used 34540K, capacity 35398K, committed 35496K, reserved 1079296K
  class space    used 4729K, capacity 4970K, committed 5040K, reserved 1048576K
Event: 21.866 GC heap after
Heap after GC invocations=13 (full 1):
 PSYoungGen      total 146432K, used 689K [0x00000000d5580000, 0x00000000e0880000, 0x0000000100000000)
  eden space 136192K, 0% used [0x00000000d5580000,0x00000000d5580000,0x00000000dda80000)
  from space 10240K, 6% used [0x00000000de500000,0x00000000de5ac588,0x00000000def00000)
  to   space 10752K, 0% used [0x00000000dda80000,0x00000000dda80000,0x00000000de500000)
 ParOldGen       total 26624K, used 17620K [0x0000000080000000, 0x0000000081a00000, 0x00000000d5580000)
  object space 26624K, 66% used [0x0000000080000000,0x0000000081135128,0x0000000081a00000)
 Metaspace       used 34540K, capacity 35398K, committed 35496K, reserved 1079296K
  class space    used 4729K, capacity 4970K, committed 5040K, reserved 1048576K
}
Event: 21.866 GC heap before
{Heap before GC invocations=14 (full 2):
 PSYoungGen      total 146432K, used 689K [0x00000000d5580000, 0x00000000e0880000, 0x0000000100000000)
  eden space 136192K, 0% used [0x00000000d5580000,0x00000000d5580000,0x00000000dda80000)
  from space 10240K, 6% used [0x00000000de500000,0x00000000de5ac588,0x00000000def00000)
  to   space 10752K, 0% used [0x00000000dda80000,0x00000000dda80000,0x00000000de500000)
 ParOldGen       total 26624K, used 17620K [0x0000000080000000, 0x0000000081a00000, 0x00000000d5580000)
  object space 26624K, 66% used [0x0000000080000000,0x0000000081135128,0x0000000081a00000)
 Metaspace       used 34540K, capacity 35398K, committed 35496K, reserved 1079296K
  class space    used 4729K, capacity 4970K, committed 5040K, reserved 1048576K
Event: 22.122 GC heap after
Heap after GC invocations=14 (full 2):
 PSYoungGen      total 146432K, used 0K [0x00000000d5580000, 0x00000000e0880000, 0x0000000100000000)
  eden space 136192K, 0% used [0x00000000d5580000,0x00000000d5580000,0x00000000dda80000)
  from space 10240K, 0% used [0x00000000de500000,0x00000000de500000,0x00000000def00000)
  to   space 10752K, 0% used [0x00000000dda80000,0x00000000dda80000,0x00000000de500000)
 ParOldGen       total 33792K, used 13579K [0x0000000080000000, 0x0000000082100000, 0x00000000d5580000)
  object space 33792K, 40% used [0x0000000080000000,0x0000000080d42de0,0x0000000082100000)
 Metaspace       used 34540K, capacity 35398K, committed 35496K, reserved 1079296K
  class space    used 4729K, capacity 4970K, committed 5040K, reserved 1048576K
}
Event: 29.189 GC heap before
{Heap before GC invocations=15 (full 2):
 PSYoungGen      total 146432K, used 136192K [0x00000000d5580000, 0x00000000e0880000, 0x0000000100000000)
  eden space 136192K, 100% used [0x00000000d5580000,0x00000000dda80000,0x00000000dda80000)
  from space 10240K, 0% used [0x00000000de500000,0x00000000de500000,0x00000000def00000)
  to   space 10752K, 0% used [0x00000000dda80000,0x00000000dda80000,0x00000000de500000)
 ParOldGen       total 33792K, used 13579K [0x0000000080000000, 0x0000000082100000, 0x00000000d5580000)
  object space 33792K, 40% used [0x0000000080000000,0x0000000080d42de0,0x0000000082100000)
 Metaspace       used 45646K, capacity 47074K, committed 47280K, reserved 1089536K
  class space    used 6156K, capacity 6515K, committed 6576K, reserved 1048576K
Event: 29.250 GC heap after
Heap after GC invocations=15 (full 2):
 PSYoungGen      total 146944K, used 10733K [0x00000000d5580000, 0x00000000e2a00000, 0x0000000100000000)
  eden space 136192K, 0% used [0x00000000d5580000,0x00000000d5580000,0x00000000dda80000)
  from space 10752K, 99% used [0x00000000dda80000,0x00000000de4fb518,0x00000000de500000)
  to   space 14848K, 0% used [0x00000000e1b80000,0x00000000e1b80000,0x00000000e2a00000)
 ParOldGen       total 33792K, used 19858K [0x0000000080000000, 0x0000000082100000, 0x00000000d5580000)
  object space 33792K, 58% used [0x0000000080000000,0x0000000081364b90,0x0000000082100000)
 Metaspace       used 45646K, capacity 47074K, committed 47280K, reserved 1089536K
  class space    used 6156K, capacity 6515K, committed 6576K, reserved 1048576K
}
Event: 38.491 GC heap before
{Heap before GC invocations=16 (full 2):
 PSYoungGen      total 146944K, used 146925K [0x00000000d5580000, 0x00000000e2a00000, 0x0000000100000000)
  eden space 136192K, 100% used [0x00000000d5580000,0x00000000dda80000,0x00000000dda80000)
  from space 10752K, 99% used [0x00000000dda80000,0x00000000de4fb518,0x00000000de500000)
  to   space 14848K, 0% used [0x00000000e1b80000,0x00000000e1b80000,0x00000000e2a00000)
 ParOldGen       total 33792K, used 19858K [0x0000000080000000, 0x0000000082100000, 0x00000000d5580000)
  object space 33792K, 58% used [0x0000000080000000,0x0000000081364b90,0x0000000082100000)
 Metaspace       used 57094K, capacity 59044K, committed 59160K, reserved 1099776K
  class space    used 7809K, capacity 8237K, committed 8240K, reserved 1048576K
Event: 39.601 GC heap after
Heap after GC invocations=16 (full 2):
 PSYoungGen      total 196608K, used 14842K [0x00000000d5580000, 0x00000000e3c80000, 0x0000000100000000)
  eden space 181760K, 0% used [0x00000000d5580000,0x00000000d5580000,0x00000000e0700000)
  from space 14848K, 99% used [0x00000000e1b80000,0x00000000e29fe9f0,0x00000000e2a00000)
  to   space 20992K, 0% used [0x00000000e0700000,0x00000000e0700000,0x00000000e1b80000)
 ParOldGen       total 33792K, used 30089K [0x0000000080000000, 0x0000000082100000, 0x00000000d5580000)
  object space 33792K, 89% used [0x0000000080000000,0x0000000081d62720,0x0000000082100000)
 Metaspace       used 57094K, capacity 59044K, committed 59160K, reserved 1099776K
  class space    used 7809K, capacity 8237K, committed 8240K, reserved 1048576K
}
Event: 39.601 GC heap before
{Heap before GC invocations=17 (full 3):
 PSYoungGen      total 196608K, used 14842K [0x00000000d5580000, 0x00000000e3c80000, 0x0000000100000000)
  eden space 181760K, 0% used [0x00000000d5580000,0x00000000d5580000,0x00000000e0700000)
  from space 14848K, 99% used [0x00000000e1b80000,0x00000000e29fe9f0,0x00000000e2a00000)
  to   space 20992K, 0% used [0x00000000e0700000,0x00000000e0700000,0x00000000e1b80000)
 ParOldGen       total 33792K, used 30089K [0x0000000080000000, 0x0000000082100000, 0x00000000d5580000)
  object space 33792K, 89% used [0x0000000080000000,0x0000000081d62720,0x0000000082100000)
 Metaspace       used 57094K, capacity 59044K, committed 59160K, reserved 1099776K
  class space    used 7809K, capacity 8237K, committed 8240K, reserved 1048576K
Event: 40.422 GC heap after
Heap after GC invocations=17 (full 3):
 PSYoungGen      total 196608K, used 3326K [0x00000000d5580000, 0x00000000e3c80000, 0x0000000100000000)
  eden space 181760K, 0% used [0x00000000d5580000,0x00000000d5580000,0x00000000e0700000)
  from space 14848K, 22% used [0x00000000e1b80000,0x00000000e1ebf938,0x00000000e2a00000)
  to   space 20992K, 0% used [0x00000000e0700000,0x00000000e0700000,0x00000000e1b80000)
 ParOldGen       total 33792K, used 33400K [0x0000000080000000, 0x0000000082100000, 0x00000000d5580000)
  object space 33792K, 98% used [0x0000000080000000,0x000000008209e380,0x0000000082100000)
 Metaspace       used 57090K, capacity 59032K, committed 59160K, reserved 1099776K
  class space    used 7808K, capacity 8235K, committed 8240K, reserved 1048576K
}

Deoptimization events (10 events):
Event: 36.582 Thread 0x0000000058999800 Uncommon trap: reason=unstable_if action=reinterpret pc=0x000000000314c474 method=java.util.HashMap.putVal(ILjava/lang/Object;Ljava/lang/Object;ZZ)Ljava/lang/Object; @ 109
Event: 36.639 Thread 0x0000000058999800 Uncommon trap: reason=unstable_if action=reinterpret pc=0x000000000318f300 method=java.io.WinNTFileSystem.normalize(Ljava/lang/String;)Ljava/lang/String; @ 74
Event: 36.639 Thread 0x0000000058999800 Uncommon trap: reason=unstable_if action=reinterpret pc=0x0000000002e225ec method=java.io.WinNTFileSystem.normalize(Ljava/lang/String;II)Ljava/lang/String; @ 103
Event: 37.007 Thread 0x0000000058999800 Uncommon trap: reason=bimorphic action=maybe_recompile pc=0x00000000035676b0 method=java.util.regex.Pattern$5.isSatisfiedBy(I)Z @ 16
Event: 37.007 Thread 0x0000000058999800 Uncommon trap: reason=bimorphic action=maybe_recompile pc=0x00000000035676b0 method=java.util.regex.Pattern$5.isSatisfiedBy(I)Z @ 16
Event: 37.007 Thread 0x0000000058999800 Uncommon trap: reason=bimorphic action=maybe_recompile pc=0x00000000035676b0 method=java.util.regex.Pattern$5.isSatisfiedBy(I)Z @ 16
Event: 37.007 Thread 0x0000000058999800 Uncommon trap: reason=bimorphic action=maybe_recompile pc=0x00000000035676b0 method=java.util.regex.Pattern$5.isSatisfiedBy(I)Z @ 16
Event: 38.246 Thread 0x0000000058999800 Uncommon trap: reason=unstable_if action=reinterpret pc=0x0000000002ef3d18 method=java.util.regex.Pattern$BmpCharProperty.match(Ljava/util/regex/Matcher;ILjava/lang/CharSequence;)Z @ 34
Event: 38.263 Thread 0x0000000058999800 Uncommon trap: reason=unstable_if action=reinterpret pc=0x00000000035c5894 method=com.sun.org.apache.xerces.internal.impl.XMLEntityScanner.scanLiteral(ILcom/sun/org/apache/xerces/internal/xni/XMLString;Z)I @ 660
Event: 42.045 Thread 0x0000000058999800 Uncommon trap: reason=unstable_if action=reinterpret pc=0x0000000002c15934 method=java.lang.String.lastIndexOf([CII[CIII)I @ 118

Classes redefined (0 events):
No events

Internal exceptions (10 events):
Event: 33.167 Thread 0x0000000058999800 Exception <a 'java/lang/ClassNotFoundException': org/gradle/api/plugins/internal/DefaultBasePluginConventionCustomizer> (0x00000000d8fb9190) thrown at [C:\src\AOSP-openjdk-git\hotspot\src\share\vm\classfile\systemDictionary.cpp, line 210]
Event: 33.184 Thread 0x0000000058999800 Exception <a 'java/lang/NoSuchMethodError': java.lang.Object.lambda$comparingInt$7b0bb60$1(Ljava/util/function/ToIntFunction;Ljava/lang/Object;Ljava/lang/Object;)I> (0x00000000d902f118) thrown at [C:\src\AOSP-openjdk-git\hotspot\src\share\vm\interpreter\l
Event: 35.489 Thread 0x0000000058999800 Exception <a 'java/lang/ClassNotFoundException': com/android/build/gradle/internal/api/ApkVariantOutputImpl_DecoratedBeanInfo> (0x00000000da8a4a68) thrown at [C:\src\AOSP-openjdk-git\hotspot\src\share\vm\classfile\systemDictionary.cpp, line 210]
Event: 35.490 Thread 0x0000000058999800 Exception <a 'java/lang/ClassNotFoundException': com/android/build/gradle/internal/api/ApkVariantOutputImplBeanInfo> (0x00000000da8c1ab8) thrown at [C:\src\AOSP-openjdk-git\hotspot\src\share\vm\classfile\systemDictionary.cpp, line 210]
Event: 35.491 Thread 0x0000000058999800 Exception <a 'java/lang/ClassNotFoundException': com/android/build/gradle/internal/api/BaseVariantOutputImplBeanInfo> (0x00000000da8dfee0) thrown at [C:\src\AOSP-openjdk-git\hotspot\src\share\vm\classfile\systemDictionary.cpp, line 210]
Event: 35.492 Thread 0x0000000058999800 Exception <a 'java/lang/ClassNotFoundException': com/android/build/gradle/internal/api/BaseVariantOutputImplCustomizer> (0x00000000da8fe860) thrown at [C:\src\AOSP-openjdk-git\hotspot\src\share\vm\classfile\systemDictionary.cpp, line 210]
Event: 35.495 Thread 0x0000000058999800 Exception <a 'java/lang/ClassNotFoundException': com/android/build/gradle/internal/api/ApkVariantOutputImplCustomizer> (0x00000000da936e30) thrown at [C:\src\AOSP-openjdk-git\hotspot\src\share\vm\classfile\systemDictionary.cpp, line 210]
Event: 35.497 Thread 0x0000000058999800 Exception <a 'java/lang/ClassNotFoundException': com/android/build/gradle/internal/api/ApkVariantOutputImpl_DecoratedCustomizer> (0x00000000da96a9a0) thrown at [C:\src\AOSP-openjdk-git\hotspot\src\share\vm\classfile\systemDictionary.cpp, line 210]
Event: 37.094 Thread 0x0000000058999800 Exception <a 'java/lang/ClassNotFoundException': com/sun/org/glassfish/hk2/osgiresourcelocator/ServiceLoader> (0x00000000dc1a58f0) thrown at [C:\src\AOSP-openjdk-git\hotspot\src\share\vm\classfile\systemDictionary.cpp, line 210]
Event: 37.344 Thread 0x0000000058999800 Exception <a 'java/lang/NullPointerException'> (0x00000000dc5f9c18) thrown at [C:\src\AOSP-openjdk-git\hotspot\src\share\vm\interpreter\linkResolver.cpp, line 1287]

Events (10 events):
Event: 42.986 loading class org/gradle/api/artifacts/DirectDependenciesMetadata
Event: 42.986 loading class org/gradle/api/artifacts/DirectDependenciesMetadata done
Event: 42.986 loading class org/gradle/api/internal/artifacts/repositories/resolver/DirectDependencyMetadataAdapter
Event: 42.986 loading class org/gradle/api/internal/artifacts/repositories/resolver/DirectDependencyMetadataAdapter done
Event: 42.987 loading class org/gradle/api/internal/artifacts/repositories/resolver/AbstractDependencyMetadataAdapter
Event: 42.987 loading class org/gradle/api/internal/artifacts/repositories/resolver/AbstractDependencyMetadataAdapter done
Event: 42.994 loading class org/gradle/api/artifacts/DirectDependencyMetadata
Event: 42.994 loading class org/gradle/api/artifacts/DirectDependencyMetadata done
Event: 43.152 loading class com/android/build/gradle/internal/dependency/AndroidXDependencySubstitution$replaceOldSupportLibraries$1$1$1$3
Event: 43.152 loading class com/android/build/gradle/internal/dependency/AndroidXDependencySubstitution$replaceOldSupportLibraries$1$1$1$3 done


Dynamic libraries:
0x000000013ff90000 - 0x000000013ffc1000 	C:\Program Files\Android\Android Studio\jre\bin\java.exe
0x0000000077140000 - 0x00000000772df000 	C:\Windows\SYSTEM32\ntdll.dll
0x0000000077020000 - 0x000000007713f000 	C:\Windows\system32\kernel32.dll
0x000007fefd1f0000 - 0x000007fefd25a000 	C:\Windows\system32\KERNELBASE.dll
0x000007fefe790000 - 0x000007fefe86b000 	C:\Windows\system32\ADVAPI32.dll
0x000007feff180000 - 0x000007feff21f000 	C:\Windows\system32\msvcrt.dll
0x000007fefebb0000 - 0x000007fefebcf000 	C:\Windows\SYSTEM32\sechost.dll
0x000007fefea80000 - 0x000007fefebac000 	C:\Windows\system32\RPCRT4.dll
0x0000000076f20000 - 0x000000007701a000 	C:\Windows\system32\USER32.dll
0x000007fefe870000 - 0x000007fefe8d7000 	C:\Windows\system32\GDI32.dll
0x000007fefea70000 - 0x000007fefea7e000 	C:\Windows\system32\LPK.dll
0x000007fefe1f0000 - 0x000007fefe2b9000 	C:\Windows\system32\USP10.dll
0x000007fefba80000 - 0x000007fefbc74000 	C:\Windows\WinSxS\amd64_microsoft.windows.common-controls_6595b64144ccf1df_6.0.7601.17514_none_fa396087175ac9ac\COMCTL32.dll
0x000007feff060000 - 0x000007feff0d1000 	C:\Windows\system32\SHLWAPI.dll
0x000007fefe1c0000 - 0x000007fefe1ee000 	C:\Windows\system32\IMM32.DLL
0x000007fefe580000 - 0x000007fefe689000 	C:\Windows\system32\MSCTF.dll
0x000000006fad0000 - 0x000000006fba2000 	C:\Program Files\Android\Android Studio\jre\jre\bin\msvcr100.dll
0x00000000715d0000 - 0x0000000071e1b000 	C:\Program Files\Android\Android Studio\jre\jre\bin\server\jvm.dll
0x000007feefde0000 - 0x000007feefde9000 	C:\Windows\system32\WSOCK32.dll
0x000007fefe520000 - 0x000007fefe56d000 	C:\Windows\system32\WS2_32.dll
0x000007fefe570000 - 0x000007fefe578000 	C:\Windows\system32\NSI.dll
0x000007fef8de0000 - 0x000007fef8e1b000 	C:\Windows\system32\WINMM.dll
0x000007fefc260000 - 0x000007fefc26c000 	C:\Windows\system32\VERSION.dll
0x00000000772f0000 - 0x00000000772f7000 	C:\Windows\system32\PSAPI.DLL
0x000007fef9070000 - 0x000007fef907f000 	C:\Program Files\Android\Android Studio\jre\jre\bin\verify.dll
0x000007fef8080000 - 0x000007fef80a9000 	C:\Program Files\Android\Android Studio\jre\jre\bin\java.dll
0x000007fef8060000 - 0x000007fef8076000 	C:\Program Files\Android\Android Studio\jre\jre\bin\zip.dll
0x000007fefd510000 - 0x000007fefe1b9000 	C:\Windows\system32\SHELL32.dll
0x000007feff220000 - 0x000007feff423000 	C:\Windows\system32\ole32.dll
0x000007fefd100000 - 0x000007fefd10f000 	C:\Windows\system32\profapi.dll
0x000007fef7e00000 - 0x000007fef7e1a000 	C:\Program Files\Android\Android Studio\jre\jre\bin\net.dll
0x000007fefc8e0000 - 0x000007fefc935000 	C:\Windows\system32\mswsock.dll
0x000007fefc8d0000 - 0x000007fefc8d7000 	C:\Windows\System32\wship6.dll
0x000007fef7de0000 - 0x000007fef7df3000 	C:\Program Files\Android\Android Studio\jre\jre\bin\nio.dll
0x000007fef7800000 - 0x000007fef7826000 	C:\Users\ruUreh\.gradle\native\31\windows-amd64\native-platform.dll
0x000007fef8530000 - 0x000007fef8533000 	C:\Windows\system32\api-ms-win-core-synch-l1-2-0.DLL
0x000007fef8230000 - 0x000007fef823d000 	C:\Program Files\Android\Android Studio\jre\jre\bin\management.dll
0x000007fefc940000 - 0x000007fefc958000 	C:\Windows\system32\CRYPTSP.dll
0x000007fefc640000 - 0x000007fefc687000 	C:\Windows\system32\rsaenh.dll
0x000007fefc450000 - 0x000007fefc46e000 	C:\Windows\system32\USERENV.dll
0x000007fefd030000 - 0x000007fefd03f000 	C:\Windows\system32\CRYPTBASE.dll
0x000007fefa450000 - 0x000007fefa477000 	C:\Windows\system32\IPHLPAPI.DLL
0x000007fefa410000 - 0x000007fefa41b000 	C:\Windows\system32\WINNSI.DLL
0x000007fefa150000 - 0x000007fefa161000 	C:\Windows\system32\dhcpcsvc6.DLL
0x000007fefa170000 - 0x000007fefa188000 	C:\Windows\system32\dhcpcsvc.DLL

VM Arguments:
jvm_args: -Xmx2048m -Dfile.encoding=windows-1252 -Duser.country=US -Duser.language=en -Duser.variant 
java_command: org.gradle.launcher.daemon.bootstrap.GradleDaemon 6.1.1
java_class_path (initial): C:\Users\ruUreh\.gradle\wrapper\dists\gradle-6.1.1-all\cfmwm155h49vnt3hynmlrsdst\gradle-6.1.1\lib\gradle-launcher-6.1.1.jar
Launcher Type: SUN_STANDARD

Environment Variables:
PATH=C:\Perl64\bin;C:\Users\ruUreh\AppData\Roaming\ActiveState\bin;C:\Python27\;C:\Python27\Scripts;C:\Program Files (x86)\Common Files\Oracle\Java\javapath;C:\Program Files (x86)\Common Files\Intel\Shared Files\cpp\bin\Intel64;C:\ProgramData\Oracle\Java\javapath;C:\Windows\system32;C:\Windows;C:\Windows\System32\Wbem;C:\Windows\System32\WindowsPowerShell\v1.0\;C:\Program Files\NetBeans 8.2\bin;C:\Program Files (x86)\Intel\OpenCL SDK\3.0\bin\x86;C:\Program Files (x86)\Intel\OpenCL SDK\3.0\bin\x64;c:\Program Files (x86)\Microsoft SQL Server\100\Tools\Binn\;c:\Program Files\Microsoft SQL Server\100\Tools\Binn\;c:\Program Files\Microsoft SQL Server\100\DTS\Binn\;c:\xampp;C:\metasploit;C:\users\ruureh\downloads;C:\xampp\php;C:\Python27;C:\Python27\Scripts;C:\Program Files\Git\cmd;C:\Program Files\Git;C:\xampp\htdocs\android\secret\git\sqlmap\;C:\Windows\System32\WindowsPowerShell\v1.0\;C:\Users\ruUreh\Desktop\Shell backdoor\curl-7.70.0-win64-mingw\bin;C:\ProgramData\ComposerSetup\bin;C:\Program Files\Java\jdk1.8.0_111\bin;C:\Users\ruUreh\AppData\Local\Programs\Python\Python38;C:\Program Files\Go\bin;C:\Users\ruUreh\AppData\Local\Android\Sdk\build-tools\29.0.3;C:\flutter\bin;C:\Users\ruUreh\Downloads\platform-tools;C:\python38;C:\python38\Scripts;C:\Ruby27-x64\bin;C:\Users\ruUreh\AppData\Roaming\Composer\vendor\bin;C:\Program Files\heroku\bin;C:\metasploit-framework\bin;C:\users\ruureh\desktop\source\dex\dex2jar-2.0\;C:\Users\ruUreh\AppData\Local\Programs\Microsoft VS Code\bin;C:\Users\ruUreh\go\bin;C:\Program Files (x86)\Nmap;C:\Users\ruUreh\AppData\Roaming\npm;C:\Users\ruUreh\AppData\Local\atom\bin
USERNAME=ruUreh
OS=Windows_NT
PROCESSOR_IDENTIFIER=Intel64 Family 6 Model 42 Stepping 7, GenuineIntel



---------------  S Y S T E M  ---------------

OS: Windows 7 , 64 bit Build 7601 (6.1.7601.24384)

CPU:total 2 (initial active 2) (2 cores per cpu, 1 threads per core) family 6 model 42 stepping 7, cmov, cx8, fxsr, mmx, sse, sse2, sse3, ssse3, sse4.1, sse4.2, popcnt, clmul, tsc, tscinvbit

Memory: 4k page, physical 1978148k(14756k free), swap 3811896k(6356k free)

vm_info: OpenJDK 64-Bit Server VM (25.242-b01) for windows-amd64 JRE (1.8.0_242-release-1644-b01), built by "builder" with MS VC++ 10.0 (VS2010)

time: Wed Oct 27 11:41:33 2021
timezone: SE Asia Standard Time
elapsed time: 44 seconds (0d 0h 0m 44s)

