#
# There is insufficient memory for the Java Runtime Environment to continue.
# Native memory allocation (malloc) failed to allocate 1725936 bytes for Chunk::new
# Possible reasons:
#   The system is out of physical RAM or swap space
#   The process is running with CompressedOops enabled, and the Java Heap may be blocking the growth of the native heap
# Possible solutions:
#   Reduce memory load on the system
#   Increase physical memory or swap space
#   Check if swap backing store is full
#   Decrease Java heap size (-Xmx/-Xms)
#   Decrease number of Java threads
#   Decrease Java thread stack sizes (-Xss)
#   Set larger code cache with -XX:ReservedCodeCacheSize=
#   JVM is running with Unscaled Compressed Oops mode in which the Java heap is
#     placed in the first 4GB address space. The Java Heap base address is the
#     maximum limit for the native heap growth. Please use -XX:HeapBaseMinAddress
#     to set the Java Heap base and to place the Java Heap above 4GB virtual address.
# This output file may be truncated or incomplete.
#
#  Out of Memory Error (allocation.cpp:389), pid=4624, tid=0x00000000000013e8
#
# JRE version: OpenJDK Runtime Environment (8.0_242-b01) (build 1.8.0_242-release-1644-b01)
# Java VM: OpenJDK 64-Bit Server VM (25.242-b01 mixed mode windows-amd64 compressed oops)
# Failed to write core dump. Minidumps are not enabled by default on client versions of Windows
#

---------------  T H R E A D  ---------------

Current thread (0x0000000057580000):  JavaThread "C2 CompilerThread0" daemon [_thread_in_native, id=5096, stack(0x0000000058410000,0x0000000058510000)]

Stack: [0x0000000058410000,0x0000000058510000]
[error occurred during error reporting (printing stack bounds), id 0xc0000005]

Native frames: (J=compiled Java code, j=interpreted, Vv=VM code, C=native code)


Current CompileTask:
C2:  47672 5373 %     4       groovy.lang.MetaClassImpl::inheritInterfaceNewMetaMethods @ 104 (199 bytes)


---------------  P R O C E S S  ---------------

Java Threads: ( => current thread )
  0x000000005a5d8000 JavaThread "Cache worker for Build Output Cleanup Cache (C:\Users\ruUreh\AndroidStudioProjects\QiosKu\.gradle\buildOutputCleanup)" [_thread_blocked, id=4880, stack(0x0000000060fd0000,0x00000000610d0000)]
  0x000000005a5d7000 JavaThread "Build operations Thread 2" [_thread_blocked, id=2652, stack(0x000000005f700000,0x000000005f800000)]
  0x000000005a5d6800 JavaThread "Build operations" [_thread_blocked, id=2152, stack(0x000000005f480000,0x000000005f580000)]
  0x000000005a5d0800 JavaThread "Cache worker for execution history cache (C:\Users\ruUreh\.gradle\caches\6.1.1\executionHistory)" [_thread_blocked, id=3988, stack(0x000000005c560000,0x000000005c660000)]
  0x000000005a5cf800 JavaThread "Cache worker for cache directory md-rule (C:\Users\ruUreh\.gradle\caches\6.1.1\md-rule)" [_thread_blocked, id=4416, stack(0x000000005cac0000,0x000000005cbc0000)]
  0x000000005a5cf000 JavaThread "Cache worker for cache directory md-supplier (C:\Users\ruUreh\.gradle\caches\6.1.1\md-supplier)" [_thread_blocked, id=3916, stack(0x000000005e710000,0x000000005e810000)]
  0x000000005a5ce000 JavaThread "Cache worker for file hash cache (C:\Users\ruUreh\AndroidStudioProjects\QiosKu\.gradle\6.1.1\fileHashes)" [_thread_blocked, id=3272, stack(0x000000005e150000,0x000000005e250000)]
  0x000000005a5cd800 JavaThread "Cache worker for checksums cache (C:\Users\ruUreh\AndroidStudioProjects\QiosKu\.gradle\checksums)" [_thread_blocked, id=3740, stack(0x000000005dfd0000,0x000000005e0d0000)]
  0x000000005a5cc800 JavaThread "Cache worker for file hash cache (C:\Users\ruUreh\.gradle\caches\6.1.1\fileHashes)" [_thread_blocked, id=5088, stack(0x000000005ccd0000,0x000000005cdd0000)]
  0x000000005a5cc000 JavaThread "File lock request listener" [_thread_in_native, id=3700, stack(0x000000005b550000,0x000000005b650000)]
  0x0000000058940000 JavaThread "Cache worker for journal cache (C:\Users\ruUreh\.gradle\caches\journal-1)" [_thread_blocked, id=5056, stack(0x000000005cbc0000,0x000000005ccc0000)]
  0x00000000589ab800 JavaThread "Thread-9" [_thread_blocked, id=2072, stack(0x000000005c7c0000,0x000000005c8c0000)]
  0x00000000589a1000 JavaThread "Stdin handler" [_thread_blocked, id=3196, stack(0x000000005c6a0000,0x000000005c7a0000)]
  0x00000000589b6000 JavaThread "Asynchronous log dispatcher for DefaultDaemonConnection: socket connection from /127.0.0.1:50764 to /127.0.0.1:50765" [_thread_blocked, id=3968, stack(0x000000005bbd0000,0x000000005bcd0000)]
  0x00000000589b5000 JavaThread "Daemon worker" [_thread_in_native, id=4524, stack(0x000000005c410000,0x000000005c510000)]
  0x00000000589b4000 JavaThread "Cancel handler" [_thread_blocked, id=1612, stack(0x000000005c310000,0x000000005c410000)]
  0x0000000058966800 JavaThread "Handler for socket connection from /127.0.0.1:50764 to /127.0.0.1:50765" [_thread_in_native, id=4460, stack(0x000000005bf60000,0x000000005c060000)]
  0x0000000058ac9800 JavaThread "Daemon" [_thread_blocked, id=4964, stack(0x000000005be00000,0x000000005bf00000)]
  0x000000005a5cb000 JavaThread "Daemon periodic checks" [_thread_blocked, id=1680, stack(0x0000000058ba0000,0x0000000058ca0000)]
  0x0000000058a83800 JavaThread "Incoming local TCP Connector on port 50764" [_thread_in_native, id=4056, stack(0x000000005bce0000,0x000000005bde0000)]
  0x0000000058897800 JavaThread "Daemon health stats" [_thread_blocked, id=3380, stack(0x000000005b670000,0x000000005b770000)]
  0x00000000575df000 JavaThread "Service Thread" daemon [_thread_blocked, id=4812, stack(0x0000000058cb0000,0x0000000058db0000)]
  0x00000000575d5000 JavaThread "C1 CompilerThread1" daemon [_thread_blocked, id=2384, stack(0x00000000586a0000,0x00000000587a0000)]
=>0x0000000057580000 JavaThread "C2 CompilerThread0" daemon [_thread_in_native, id=5096, stack(0x0000000058410000,0x0000000058510000)]
  0x000000005757e800 JavaThread "Attach Listener" daemon [_thread_blocked, id=2068, stack(0x0000000058300000,0x0000000058400000)]
  0x000000005757d000 JavaThread "Signal Dispatcher" daemon [_thread_blocked, id=2076, stack(0x00000000581b0000,0x00000000582b0000)]
  0x000000005755e000 JavaThread "Finalizer" daemon [_thread_blocked, id=3156, stack(0x0000000057eb0000,0x0000000057fb0000)]
  0x0000000057555000 JavaThread "Reference Handler" daemon [_thread_blocked, id=4520, stack(0x0000000057fe0000,0x00000000580e0000)]
  0x000000000224f000 JavaThread "main" [_thread_blocked, id=2660, stack(0x00000000025b0000,0x00000000026b0000)]

Other Threads:
  0x000000005750d000 VMThread [stack: 0x0000000057d80000,0x0000000057e80000] [id=3304]
  0x00000000587a0800 WatcherThread [stack: 0x0000000058550000,0x0000000058650000] [id=2164]

VM state:not at safepoint (normal execution)

VM Mutex/Monitor currently owned by a thread: None

heap address: 0x0000000080000000, size: 2048 MB, Compressed Oops mode: 32-bit
Narrow klass base: 0x0000000000000000, Narrow klass shift: 0
Compressed class space size: 1073741824 Address: 0x0000000016be0000

Heap:
 PSYoungGen      total 150528K, used 46549K [0x00000000d5580000, 0x00000000e0080000, 0x0000000100000000)
  eden space 139264K, 33% used [0x00000000d5580000,0x00000000d82f5690,0x00000000ddd80000)
  from space 11264K, 0% used [0x00000000ddd80000,0x00000000ddd80000,0x00000000de880000)
  to   space 11264K, 0% used [0x00000000de880000,0x00000000de880000,0x00000000df380000)
 ParOldGen       total 38400K, used 31904K [0x0000000080000000, 0x0000000082580000, 0x00000000d5580000)
  object space 38400K, 83% used [0x0000000080000000,0x0000000081f28050,0x0000000082580000)
 Metaspace       used 58792K, capacity 60976K, committed 61336K, reserved 1101824K
  class space    used 8013K, capacity 8510K, committed 8616K, reserved 1048576K

Card table byte_map: [0x0000000011d40000,0x0000000012150000] byte_map_base: 0x0000000011940000

Marking Bits: (ParMarkBitMap*) 0x000000007256f030
 Begin Bits: [0x00000000127e0000, 0x00000000147e0000)
 End Bits:   [0x00000000147e0000, 0x00000000167e0000)

Polling page: 0x0000000001b60000

CodeCache: size=245760Kb used=17725Kb max_used=17725Kb free=228034Kb
 bounds [0x0000000002980000, 0x0000000003ae0000, 0x0000000011980000]
 total_blobs=6029 nmethods=5249 adapters=693
 compilation: enabled

Compilation events (10 events):
Event: 47.597 Thread 0x00000000575d5000 5584       2       java.util.regex.Pattern$Dollar::match (209 bytes)
Event: 47.598 Thread 0x00000000575d5000 nmethod 5584 0x0000000003ad5090 code [0x0000000003ad5260, 0x0000000003ad56d8]
Event: 47.620 Thread 0x00000000575d5000 5585       2       groovyjarjarasm.asm.Type::getArgumentsAndReturnSizes (132 bytes)
Event: 47.622 Thread 0x00000000575d5000 nmethod 5585 0x0000000003ad58d0 code [0x0000000003ad5ac0, 0x0000000003ad61f8]
Event: 47.623 Thread 0x00000000575d5000 5586       2       groovyjarjarasm.asm.ByteVector::put12 (64 bytes)
Event: 47.623 Thread 0x00000000575d5000 nmethod 5586 0x0000000003ad68d0 code [0x0000000003ad6a40, 0x0000000003ad6c68]
Event: 47.624 Thread 0x00000000575d5000 5587       2       groovyjarjarasm.asm.Frame::pop (53 bytes)
Event: 47.625 Thread 0x00000000575d5000 nmethod 5587 0x0000000003ad6e10 code [0x0000000003ad6fc0, 0x0000000003ad72c8]
Event: 47.625 Thread 0x00000000575d5000 5588       2       groovyjarjarasm.asm.Frame::merge (395 bytes)
Event: 47.628 Thread 0x00000000575d5000 nmethod 5588 0x0000000003ad7510 code [0x0000000003ad7740, 0x0000000003ad8098]

GC Heap History (10 events):
Event: 23.748 GC heap before
{Heap before GC invocations=14 (full 2):
 PSYoungGen      total 150528K, used 816K [0x00000000d5580000, 0x00000000e0080000, 0x0000000100000000)
  eden space 139264K, 0% used [0x00000000d5580000,0x00000000d5580000,0x00000000ddd80000)
  from space 11264K, 7% used [0x00000000de880000,0x00000000de94c0a8,0x00000000df380000)
  to   space 11264K, 0% used [0x00000000ddd80000,0x00000000ddd80000,0x00000000de880000)
 ParOldGen       total 27648K, used 20357K [0x0000000080000000, 0x0000000081b00000, 0x00000000d5580000)
  object space 27648K, 73% used [0x0000000080000000,0x00000000813e16a0,0x0000000081b00000)
 Metaspace       used 34441K, capacity 35410K, committed 35496K, reserved 1079296K
  class space    used 4694K, capacity 4974K, committed 5032K, reserved 1048576K
Event: 24.049 GC heap after
Heap after GC invocations=14 (full 2):
 PSYoungGen      total 150528K, used 0K [0x00000000d5580000, 0x00000000e0080000, 0x0000000100000000)
  eden space 139264K, 0% used [0x00000000d5580000,0x00000000d5580000,0x00000000ddd80000)
  from space 11264K, 0% used [0x00000000de880000,0x00000000de880000,0x00000000df380000)
  to   space 11264K, 0% used [0x00000000ddd80000,0x00000000ddd80000,0x00000000de880000)
 ParOldGen       total 38400K, used 15819K [0x0000000080000000, 0x0000000082580000, 0x00000000d5580000)
  object space 38400K, 41% used [0x0000000080000000,0x0000000080f72e10,0x0000000082580000)
 Metaspace       used 34441K, capacity 35410K, committed 35496K, reserved 1079296K
  class space    used 4694K, capacity 4974K, committed 5032K, reserved 1048576K
}
Event: 33.079 GC heap before
{Heap before GC invocations=15 (full 2):
 PSYoungGen      total 150528K, used 139264K [0x00000000d5580000, 0x00000000e0080000, 0x0000000100000000)
  eden space 139264K, 100% used [0x00000000d5580000,0x00000000ddd80000,0x00000000ddd80000)
  from space 11264K, 0% used [0x00000000de880000,0x00000000de880000,0x00000000df380000)
  to   space 11264K, 0% used [0x00000000ddd80000,0x00000000ddd80000,0x00000000de880000)
 ParOldGen       total 38400K, used 15819K [0x0000000080000000, 0x0000000082580000, 0x00000000d5580000)
  object space 38400K, 41% used [0x0000000080000000,0x0000000080f72e10,0x0000000082580000)
 Metaspace       used 44682K, capacity 46300K, committed 46504K, reserved 1089536K
  class space    used 6082K, capacity 6459K, committed 6568K, reserved 1048576K
Event: 33.144 GC heap after
Heap after GC invocations=15 (full 2):
 PSYoungGen      total 150528K, used 11246K [0x00000000d5580000, 0x00000000e0080000, 0x0000000100000000)
  eden space 139264K, 0% used [0x00000000d5580000,0x00000000d5580000,0x00000000ddd80000)
  from space 11264K, 99% used [0x00000000ddd80000,0x00000000de87b888,0x00000000de880000)
  to   space 11264K, 0% used [0x00000000de880000,0x00000000de880000,0x00000000df380000)
 ParOldGen       total 38400K, used 18177K [0x0000000080000000, 0x0000000082580000, 0x00000000d5580000)
  object space 38400K, 47% used [0x0000000080000000,0x00000000811c0740,0x0000000082580000)
 Metaspace       used 44682K, capacity 46300K, committed 46504K, reserved 1089536K
  class space    used 6082K, capacity 6459K, committed 6568K, reserved 1048576K
}
Event: 41.174 GC heap before
{Heap before GC invocations=16 (full 2):
 PSYoungGen      total 150528K, used 150510K [0x00000000d5580000, 0x00000000e0080000, 0x0000000100000000)
  eden space 139264K, 100% used [0x00000000d5580000,0x00000000ddd80000,0x00000000ddd80000)
  from space 11264K, 99% used [0x00000000ddd80000,0x00000000de87b888,0x00000000de880000)
  to   space 11264K, 0% used [0x00000000de880000,0x00000000de880000,0x00000000df380000)
 ParOldGen       total 38400K, used 18177K [0x0000000080000000, 0x0000000082580000, 0x00000000d5580000)
  object space 38400K, 47% used [0x0000000080000000,0x00000000811c0740,0x0000000082580000)
 Metaspace       used 55494K, capacity 57464K, committed 57768K, reserved 1099776K
  class space    used 7567K, capacity 7987K, committed 8104K, reserved 1048576K
Event: 41.255 GC heap after
Heap after GC invocations=16 (full 2):
 PSYoungGen      total 150528K, used 11241K [0x00000000d5580000, 0x00000000e0080000, 0x0000000100000000)
  eden space 139264K, 0% used [0x00000000d5580000,0x00000000d5580000,0x00000000ddd80000)
  from space 11264K, 99% used [0x00000000de880000,0x00000000df37a4d8,0x00000000df380000)
  to   space 11264K, 0% used [0x00000000ddd80000,0x00000000ddd80000,0x00000000de880000)
 ParOldGen       total 38400K, used 28856K [0x0000000080000000, 0x0000000082580000, 0x00000000d5580000)
  object space 38400K, 75% used [0x0000000080000000,0x0000000081c2e210,0x0000000082580000)
 Metaspace       used 55494K, capacity 57464K, committed 57768K, reserved 1099776K
  class space    used 7567K, capacity 7987K, committed 8104K, reserved 1048576K
}
Event: 42.585 GC heap before
{Heap before GC invocations=17 (full 2):
 PSYoungGen      total 150528K, used 41018K [0x00000000d5580000, 0x00000000e0080000, 0x0000000100000000)
  eden space 139264K, 21% used [0x00000000d5580000,0x00000000d7294428,0x00000000ddd80000)
  from space 11264K, 99% used [0x00000000de880000,0x00000000df37a4d8,0x00000000df380000)
  to   space 11264K, 0% used [0x00000000ddd80000,0x00000000ddd80000,0x00000000de880000)
 ParOldGen       total 38400K, used 28856K [0x0000000080000000, 0x0000000082580000, 0x00000000d5580000)
  object space 38400K, 75% used [0x0000000080000000,0x0000000081c2e210,0x0000000082580000)
 Metaspace       used 56954K, capacity 59078K, committed 59160K, reserved 1099776K
  class space    used 7745K, capacity 8221K, committed 8232K, reserved 1048576K
Event: 42.639 GC heap after
Heap after GC invocations=17 (full 2):
 PSYoungGen      total 150528K, used 2046K [0x00000000d5580000, 0x00000000e0080000, 0x0000000100000000)
  eden space 139264K, 0% used [0x00000000d5580000,0x00000000d5580000,0x00000000ddd80000)
  from space 11264K, 18% used [0x00000000ddd80000,0x00000000ddf7fb60,0x00000000de880000)
  to   space 11264K, 0% used [0x00000000de880000,0x00000000de880000,0x00000000df380000)
 ParOldGen       total 38400K, used 38004K [0x0000000080000000, 0x0000000082580000, 0x00000000d5580000)
  object space 38400K, 98% used [0x0000000080000000,0x000000008251d3d0,0x0000000082580000)
 Metaspace       used 56954K, capacity 59078K, committed 59160K, reserved 1099776K
  class space    used 7745K, capacity 8221K, committed 8232K, reserved 1048576K
}
Event: 42.639 GC heap before
{Heap before GC invocations=18 (full 3):
 PSYoungGen      total 150528K, used 2046K [0x00000000d5580000, 0x00000000e0080000, 0x0000000100000000)
  eden space 139264K, 0% used [0x00000000d5580000,0x00000000d5580000,0x00000000ddd80000)
  from space 11264K, 18% used [0x00000000ddd80000,0x00000000ddf7fb60,0x00000000de880000)
  to   space 11264K, 0% used [0x00000000de880000,0x00000000de880000,0x00000000df380000)
 ParOldGen       total 38400K, used 38004K [0x0000000080000000, 0x0000000082580000, 0x00000000d5580000)
  object space 38400K, 98% used [0x0000000080000000,0x000000008251d3d0,0x0000000082580000)
 Metaspace       used 56954K, capacity 59078K, committed 59160K, reserved 1099776K
  class space    used 7745K, capacity 8221K, committed 8232K, reserved 1048576K
Event: 44.031 GC heap after
Heap after GC invocations=18 (full 3):
 PSYoungGen      total 150528K, used 0K [0x00000000d5580000, 0x00000000e0080000, 0x0000000100000000)
  eden space 139264K, 0% used [0x00000000d5580000,0x00000000d5580000,0x00000000ddd80000)
  from space 11264K, 0% used [0x00000000ddd80000,0x00000000ddd80000,0x00000000de880000)
  to   space 11264K, 0% used [0x00000000de880000,0x00000000de880000,0x00000000df380000)
 ParOldGen       total 38400K, used 31904K [0x0000000080000000, 0x0000000082580000, 0x00000000d5580000)
  object space 38400K, 83% used [0x0000000080000000,0x0000000081f28050,0x0000000082580000)
 Metaspace       used 56954K, capacity 59078K, committed 59160K, reserved 1099776K
  class space    used 7745K, capacity 8221K, committed 8232K, reserved 1048576K
}

Deoptimization events (10 events):
Event: 41.072 Thread 0x00000000589b5000 Uncommon trap: reason=class_check action=maybe_recompile pc=0x0000000003593d8c method=java.util.regex.Matcher.search(I)Z @ 86
Event: 41.074 Thread 0x00000000589b5000 Uncommon trap: reason=class_check action=maybe_recompile pc=0x0000000003593d8c method=java.util.regex.Matcher.search(I)Z @ 86
Event: 41.300 Thread 0x00000000589b5000 Uncommon trap: reason=unstable_if action=reinterpret pc=0x0000000003694d14 method=java.util.TreeMap.put(Ljava/lang/Object;Ljava/lang/Object;)Ljava/lang/Object; @ 163
Event: 41.310 Thread 0x00000000589b5000 Uncommon trap: reason=unstable_if action=reinterpret pc=0x00000000034a6358 method=java.lang.AbstractStringBuilder.append(I)Ljava/lang/AbstractStringBuilder; @ 16
Event: 41.657 Thread 0x00000000589b5000 Uncommon trap: reason=class_check action=maybe_recompile pc=0x0000000003593d8c method=java.util.regex.Matcher.search(I)Z @ 86
Event: 41.665 Thread 0x00000000589b5000 Uncommon trap: reason=unstable_if action=reinterpret pc=0x0000000002b89018 method=java.lang.AbstractStringBuilder.append(I)Ljava/lang/AbstractStringBuilder; @ 16
Event: 44.329 Thread 0x00000000589b5000 Uncommon trap: reason=unstable_if action=reinterpret pc=0x00000000037dc964 method=groovy.lang.MetaClassImpl.checkIfStdMethod(Lgroovy/lang/MetaMethod;)V @ 167
Event: 45.841 Thread 0x00000000589b5000 Uncommon trap: reason=class_check action=maybe_recompile pc=0x000000000351c92c method=java.lang.Throwable.<init>(Ljava/lang/String;Ljava/lang/Throwable;)V @ 24
Event: 47.297 Thread 0x00000000589b5000 Uncommon trap: reason=unstable_if action=reinterpret pc=0x0000000003788bb0 method=org.objectweb.asm.Type.getArgumentsAndReturnSizes(Ljava/lang/String;)I @ 109
Event: 47.297 Thread 0x00000000589b5000 Uncommon trap: reason=unstable_if action=reinterpret pc=0x000000000332ab78 method=org.objectweb.asm.Type.getArgumentsAndReturnSizes(Ljava/lang/String;)I @ 109

Classes redefined (0 events):
No events

Internal exceptions (10 events):
Event: 47.569 Thread 0x00000000589b5000 Exception <a 'java/lang/ClassNotFoundException': java/util/HashSetCustomizer> (0x00000000d7d0f448) thrown at [C:\src\AOSP-openjdk-git\hotspot\src\share\vm\classfile\systemDictionary.cpp, line 210]
Event: 47.570 Thread 0x00000000589b5000 Exception <a 'java/lang/ClassNotFoundException': java/util/LinkedHashSetCustomizer> (0x00000000d7d23888) thrown at [C:\src\AOSP-openjdk-git\hotspot\src\share\vm\classfile\systemDictionary.cpp, line 210]
Event: 47.582 Thread 0x00000000589b5000 Exception <a 'java/lang/ClassNotFoundException': com/android/build/gradle/tasks/factory/AndroidUnitTest_DecoratedBeanInfo> (0x00000000d7e17938) thrown at [C:\src\AOSP-openjdk-git\hotspot\src\share\vm\classfile\systemDictionary.cpp, line 210]
Event: 47.586 Thread 0x00000000589b5000 Exception <a 'java/lang/ClassNotFoundException': com/android/build/gradle/tasks/factory/AndroidUnitTestBeanInfo> (0x00000000d7e33d18) thrown at [C:\src\AOSP-openjdk-git\hotspot\src\share\vm\classfile\systemDictionary.cpp, line 210]
Event: 47.587 Thread 0x00000000589b5000 Exception <a 'java/lang/ClassNotFoundException': org/gradle/api/tasks/testing/TestBeanInfo> (0x00000000d7e58c30) thrown at [C:\src\AOSP-openjdk-git\hotspot\src\share\vm\classfile\systemDictionary.cpp, line 210]
Event: 47.588 Thread 0x00000000589b5000 Exception <a 'java/lang/ClassNotFoundException': org/gradle/api/tasks/testing/AbstractTestTaskBeanInfo> (0x00000000d7e84e78) thrown at [C:\src\AOSP-openjdk-git\hotspot\src\share\vm\classfile\systemDictionary.cpp, line 210]
Event: 47.590 Thread 0x00000000589b5000 Exception <a 'java/lang/ClassNotFoundException': org/gradle/api/tasks/testing/AbstractTestTaskCustomizer> (0x00000000d7eb1c18) thrown at [C:\src\AOSP-openjdk-git\hotspot\src\share\vm\classfile\systemDictionary.cpp, line 210]
Event: 47.594 Thread 0x00000000589b5000 Exception <a 'java/lang/ClassNotFoundException': org/gradle/api/tasks/testing/TestCustomizer> (0x00000000d7f06588) thrown at [C:\src\AOSP-openjdk-git\hotspot\src\share\vm\classfile\systemDictionary.cpp, line 210]
Event: 47.608 Thread 0x00000000589b5000 Exception <a 'java/lang/ClassNotFoundException': com/android/build/gradle/tasks/factory/AndroidUnitTestCustomizer> (0x00000000d8003b68) thrown at [C:\src\AOSP-openjdk-git\hotspot\src\share\vm\classfile\systemDictionary.cpp, line 210]
Event: 47.611 Thread 0x00000000589b5000 Exception <a 'java/lang/ClassNotFoundException': com/android/build/gradle/tasks/factory/AndroidUnitTest_DecoratedCustomizer> (0x00000000d8048bb8) thrown at [C:\src\AOSP-openjdk-git\hotspot\src\share\vm\classfile\systemDictionary.cpp, line 210]

Events (10 events):
Event: 47.608 loading class com/android/build/gradle/tasks/factory/AndroidUnitTestCustomizer
Event: 47.608 loading class com/android/build/gradle/tasks/factory/AndroidUnitTestCustomizer done
Event: 47.608 loading class com/android/build/gradle/tasks/factory/AndroidUnitTestCustomizer
Event: 47.608 loading class com/android/build/gradle/tasks/factory/AndroidUnitTestCustomizer done
Event: 47.610 loading class com/android/build/gradle/tasks/factory/AndroidUnitTest_DecoratedCustomizer
Event: 47.610 loading class com/android/build/gradle/tasks/factory/AndroidUnitTest_DecoratedCustomizer done
Event: 47.611 loading class com/android/build/gradle/tasks/factory/AndroidUnitTest_DecoratedCustomizer
Event: 47.611 loading class com/android/build/gradle/tasks/factory/AndroidUnitTest_DecoratedCustomizer done
Event: 47.611 loading class com/android/build/gradle/tasks/factory/AndroidUnitTest_DecoratedCustomizer
Event: 47.611 loading class com/android/build/gradle/tasks/factory/AndroidUnitTest_DecoratedCustomizer done


Dynamic libraries:
0x000000013f7f0000 - 0x000000013f821000 	C:\Program Files\Android\Android Studio\jre\bin\java.exe
0x0000000076d30000 - 0x0000000076ecf000 	C:\Windows\SYSTEM32\ntdll.dll
0x0000000076c10000 - 0x0000000076d2f000 	C:\Windows\system32\kernel32.dll
0x000007fefcda0000 - 0x000007fefce0a000 	C:\Windows\system32\KERNELBASE.dll
0x000007fefef40000 - 0x000007feff01b000 	C:\Windows\system32\ADVAPI32.dll
0x000007fefe920000 - 0x000007fefe9bf000 	C:\Windows\system32\msvcrt.dll
0x000007fefd430000 - 0x000007fefd44f000 	C:\Windows\SYSTEM32\sechost.dll
0x000007fefe7c0000 - 0x000007fefe8ec000 	C:\Windows\system32\RPCRT4.dll
0x0000000076b10000 - 0x0000000076c0a000 	C:\Windows\system32\USER32.dll
0x000007fefd160000 - 0x000007fefd1c7000 	C:\Windows\system32\GDI32.dll
0x000007fefd810000 - 0x000007fefd81e000 	C:\Windows\system32\LPK.dll
0x000007fefec40000 - 0x000007fefed09000 	C:\Windows\system32\USP10.dll
0x000007fefb670000 - 0x000007fefb864000 	C:\Windows\WinSxS\amd64_microsoft.windows.common-controls_6595b64144ccf1df_6.0.7601.17514_none_fa396087175ac9ac\COMCTL32.dll
0x000007fefea60000 - 0x000007fefead1000 	C:\Windows\system32\SHLWAPI.dll
0x000007fefe8f0000 - 0x000007fefe91e000 	C:\Windows\system32\IMM32.DLL
0x000007fefe6b0000 - 0x000007fefe7b9000 	C:\Windows\system32\MSCTF.dll
0x0000000073500000 - 0x00000000735d2000 	C:\Program Files\Android\Android Studio\jre\jre\bin\msvcr100.dll
0x0000000071da0000 - 0x00000000725eb000 	C:\Program Files\Android\Android Studio\jre\jre\bin\server\jvm.dll
0x000007fef0840000 - 0x000007fef0849000 	C:\Windows\system32\WSOCK32.dll
0x000007fefd100000 - 0x000007fefd14d000 	C:\Windows\system32\WS2_32.dll
0x000007fefd150000 - 0x000007fefd158000 	C:\Windows\system32\NSI.dll
0x000007fef7e00000 - 0x000007fef7e3b000 	C:\Windows\system32\WINMM.dll
0x000007fefbe50000 - 0x000007fefbe5c000 	C:\Windows\system32\VERSION.dll
0x0000000076ed0000 - 0x0000000076ed7000 	C:\Windows\system32\PSAPI.DLL
0x000007fefb640000 - 0x000007fefb64f000 	C:\Program Files\Android\Android Studio\jre\jre\bin\verify.dll
0x000007fefa930000 - 0x000007fefa959000 	C:\Program Files\Android\Android Studio\jre\jre\bin\java.dll
0x000007fefa910000 - 0x000007fefa926000 	C:\Program Files\Android\Android Studio\jre\jre\bin\zip.dll
0x000007fefda00000 - 0x000007fefe6a9000 	C:\Windows\system32\SHELL32.dll
0x000007fefd450000 - 0x000007fefd653000 	C:\Windows\system32\ole32.dll
0x000007fefccf0000 - 0x000007fefccff000 	C:\Windows\system32\profapi.dll
0x000007fefa8f0000 - 0x000007fefa90a000 	C:\Program Files\Android\Android Studio\jre\jre\bin\net.dll
0x000007fefc4d0000 - 0x000007fefc525000 	C:\Windows\system32\mswsock.dll
0x000007fefc4c0000 - 0x000007fefc4c7000 	C:\Windows\System32\wship6.dll
0x000007fefa8d0000 - 0x000007fefa8e3000 	C:\Program Files\Android\Android Studio\jre\jre\bin\nio.dll
0x000007fef9b90000 - 0x000007fef9bb6000 	C:\Users\ruUreh\.gradle\native\31\windows-amd64\native-platform.dll
0x000007fefac90000 - 0x000007fefac93000 	C:\Windows\system32\api-ms-win-core-synch-l1-2-0.DLL
0x000007fefa8b0000 - 0x000007fefa8bd000 	C:\Program Files\Android\Android Studio\jre\jre\bin\management.dll
0x000007fefc530000 - 0x000007fefc548000 	C:\Windows\system32\CRYPTSP.dll
0x000007fefc230000 - 0x000007fefc277000 	C:\Windows\system32\rsaenh.dll
0x000007fefc040000 - 0x000007fefc05e000 	C:\Windows\system32\USERENV.dll
0x000007fefcc20000 - 0x000007fefcc2f000 	C:\Windows\system32\CRYPTBASE.dll
0x000007fef9090000 - 0x000007fef90b7000 	C:\Windows\system32\IPHLPAPI.DLL
0x000007fef9050000 - 0x000007fef905b000 	C:\Windows\system32\WINNSI.DLL
0x000007fef8e90000 - 0x000007fef8ea1000 	C:\Windows\system32\dhcpcsvc6.DLL
0x000007fef8dd0000 - 0x000007fef8de8000 	C:\Windows\system32\dhcpcsvc.DLL

VM Arguments:
jvm_args: -Xmx2048m -Dfile.encoding=windows-1252 -Duser.country=US -Duser.language=en -Duser.variant 
java_command: org.gradle.launcher.daemon.bootstrap.GradleDaemon 6.1.1
java_class_path (initial): C:\Users\ruUreh\.gradle\wrapper\dists\gradle-6.1.1-all\cfmwm155h49vnt3hynmlrsdst\gradle-6.1.1\lib\gradle-launcher-6.1.1.jar
Launcher Type: SUN_STANDARD

Environment Variables:
PATH=C:\Perl64\bin;C:\Users\ruUreh\AppData\Roaming\ActiveState\bin;C:\Python27\;C:\Python27\Scripts;C:\Program Files (x86)\Common Files\Oracle\Java\javapath;C:\Program Files (x86)\Common Files\Intel\Shared Files\cpp\bin\Intel64;C:\ProgramData\Oracle\Java\javapath;C:\Windows\system32;C:\Windows;C:\Windows\System32\Wbem;C:\Windows\System32\WindowsPowerShell\v1.0\;C:\Program Files\NetBeans 8.2\bin;C:\Program Files (x86)\Intel\OpenCL SDK\3.0\bin\x86;C:\Program Files (x86)\Intel\OpenCL SDK\3.0\bin\x64;c:\Program Files (x86)\Microsoft SQL Server\100\Tools\Binn\;c:\Program Files\Microsoft SQL Server\100\Tools\Binn\;c:\Program Files\Microsoft SQL Server\100\DTS\Binn\;c:\xampp;C:\metasploit;C:\users\ruureh\downloads;C:\xampp\php;C:\Python27;C:\Python27\Scripts;C:\Program Files\Git\cmd;C:\Program Files\Git;C:\xampp\htdocs\android\secret\git\sqlmap\;C:\Windows\System32\WindowsPowerShell\v1.0\;C:\Users\ruUreh\Desktop\Shell backdoor\curl-7.70.0-win64-mingw\bin;C:\ProgramData\ComposerSetup\bin;C:\Program Files\Java\jdk1.8.0_111\bin;C:\Users\ruUreh\AppData\Local\Programs\Python\Python38;C:\Program Files\Go\bin;C:\Users\ruUreh\AppData\Local\Android\Sdk\build-tools\29.0.3;C:\flutter\bin;C:\Users\ruUreh\Downloads\platform-tools;C:\python38;C:\python38\Scripts;C:\Ruby27-x64\bin;C:\Users\ruUreh\AppData\Roaming\Composer\vendor\bin;C:\Program Files\heroku\bin;C:\metasploit-framework\bin;C:\users\ruureh\desktop\source\dex\dex2jar-2.0\;C:\Users\ruUreh\AppData\Local\Programs\Microsoft VS Code\bin;C:\Users\ruUreh\go\bin;C:\Program Files (x86)\Nmap;C:\Users\ruUreh\AppData\Roaming\npm;C:\Users\ruUreh\AppData\Local\atom\bin
USERNAME=ruUreh
OS=Windows_NT
PROCESSOR_IDENTIFIER=Intel64 Family 6 Model 42 Stepping 7, GenuineIntel



---------------  S Y S T E M  ---------------

OS: Windows 7 , 64 bit Build 7601 (6.1.7601.24384)

CPU:total 2 (initial active 2) (2 cores per cpu, 1 threads per core) family 6 model 42 stepping 7, cmov, cx8, fxsr, mmx, sse, sse2, sse3, ssse3, sse4.1, sse4.2, popcnt, clmul, tsc, tscinvbit

Memory: 4k page, physical 1978148k(60300k free), swap 3154356k(6336k free)

vm_info: OpenJDK 64-Bit Server VM (25.242-b01) for windows-amd64 JRE (1.8.0_242-release-1644-b01), built by "builder" with MS VC++ 10.0 (VS2010)

time: Tue Oct 19 18:03:07 2021
timezone: SE Asia Standard Time
elapsed time: 47 seconds (0d 0h 0m 47s)

