JvmtiExport can_access_local_variables 0
JvmtiExport can_hotswap_or_post_breakpoint 0
JvmtiExport can_post_on_exceptions 0
# 412 ciObject found
instanceKlass com/android/ide/common/workers/WorkerExecutorException$Companion
instanceKlass sun/misc/JavaxCryptoSealedObjectAccess
instanceKlass sun/misc/JavaAWTAccess
instanceKlass sun/misc/JavaNetHttpCookieAccess
instanceKlass sun/misc/JavaIOAccess
instanceKlass com/google/common/base/Throwables
instanceKlass sun/security/jca/JCAUtil
instanceKlass com/android/apksig/internal/apk/ApkSigningBlockUtils$ChunkSupplier$Chunk
instanceKlass com/android/apksig/internal/util/MessageDigestSink
instanceKlass com/android/apksig/util/ReadableDataSink
instanceKlass com/android/apksig/util/DataSink
instanceKlass com/android/apksig/util/DataSinks
instanceKlass com/android/apksig/internal/apk/ApkSigningBlockUtils$ChunkDigester
instanceKlass com/android/apksig/internal/apk/ApkSigningBlockUtils$$Lambda$855
instanceKlass com/android/apksig/internal/apk/ApkSigningBlockUtils$ChunkSupplier
instanceKlass com/android/apksig/internal/apk/ApkSigningBlockUtils$ChunkDigests
instanceKlass com/android/apksig/internal/apk/ApkSigningBlockUtils$$Lambda$854
instanceKlass java/security/spec/MGF1ParameterSpec
instanceKlass java/security/spec/PSSParameterSpec
instanceKlass com/android/apksig/internal/apk/v2/V2SchemeSigner
instanceKlass com/android/apksig/internal/apk/ApkSigningBlockUtils$SignerConfig
instanceKlass com/android/apksig/internal/util/ByteBufferDataSource
instanceKlass com/android/apksig/internal/zip/ZipUtils
instanceKlass com/android/apksig/internal/util/Pair
instanceKlass com/android/apksig/internal/apk/ApkSigningBlockUtils
instanceKlass com/android/apksig/internal/util/RandomAccessFileDataSource
instanceKlass com/android/apksig/util/DataSource
instanceKlass com/android/apksig/util/DataSources
instanceKlass com/android/zipflinger/ZipInfo
instanceKlass com/android/zipflinger/CentralDirectoryRecord
instanceKlass com/android/zipflinger/LocalFileHeader
instanceKlass java/util/zip/Deflater
instanceKlass com/android/zipflinger/Compressor
instanceKlass com/android/zipflinger/Crc32
instanceKlass com/google/common/collect/HashBiMap$Itr
instanceKlass com/android/builder/internal/packaging/IncrementalPackager$$Lambda$853
instanceKlass com/android/builder/internal/packaging/IncrementalPackager$$Lambda$852
instanceKlass com/android/builder/internal/packaging/IncrementalPackager$$Lambda$851
instanceKlass com/android/builder/internal/packaging/ApkFlinger$writeFile$1
instanceKlass com/android/builder/internal/packaging/IncrementalPackager$$Lambda$850
instanceKlass com/android/builder/internal/packaging/IncrementalPackager$$Lambda$849
instanceKlass com/android/apksig/util/RunnablesExecutor$$Lambda$848
instanceKlass com/android/apksig/ApkSignerEngine$OutputApkSigningBlockRequest2
instanceKlass com/android/apksig/ApkSignerEngine$OutputApkSigningBlockRequest
instanceKlass com/android/apksig/ApkSignerEngine$OutputJarSignatureRequest
instanceKlass com/android/apksig/ApkSignerEngine$InspectJarEntryRequest
instanceKlass com/android/apksig/DefaultApkSignerEngine
instanceKlass com/android/apksig/DefaultApkSignerEngine$Builder
instanceKlass com/android/apksig/DefaultApkSignerEngine$SignerConfig
instanceKlass com/android/apksig/DefaultApkSignerEngine$SignerConfig$Builder
instanceKlass com/android/zipflinger/ZipReader
instanceKlass com/android/zipflinger/ZipWriter
instanceKlass com/android/zipflinger/FreeStore$Zone
instanceKlass com/android/zipflinger/FreeStore
instanceKlass com/android/zipflinger/CentralDirectory
instanceKlass com/android/zipflinger/Entry
instanceKlass com/android/zipflinger/Ints
instanceKlass com/android/zipflinger/EndOfCentralDirectory
instanceKlass com/android/zipflinger/Location
instanceKlass com/android/zipflinger/ZipMap
instanceKlass com/android/zipflinger/Source
instanceKlass com/android/signflinger/SignedApkOptions
instanceKlass com/android/apksig/ApkSignerEngine
instanceKlass com/android/zipflinger/ZipArchive
instanceKlass com/android/signflinger/SignedApk
instanceKlass com/android/builder/internal/packaging/SynchronizedArchive
instanceKlass com/android/zipflinger/Archive
instanceKlass com/android/signflinger/SignedApkOptions$Builder
instanceKlass com/android/builder/internal/packaging/ApkFlinger$3
instanceKlass com/android/builder/internal/packaging/ApkFlinger$2
instanceKlass com/android/builder/internal/packaging/ApkFlinger$WhenMappings
instanceKlass com/android/builder/internal/packaging/ApkFlinger
instanceKlass com/android/builder/internal/packaging/IncrementalPackager$1
instanceKlass com/android/builder/internal/packaging/IncrementalPackager$$Lambda$847
instanceKlass com/android/builder/internal/packaging/IncrementalPackager$$Lambda$846
instanceKlass com/android/builder/internal/packaging/IncrementalPackager$$Lambda$845
instanceKlass com/android/builder/internal/packaging/IncrementalPackager$$Lambda$844
instanceKlass com/google/common/collect/AbstractIterator$1
instanceKlass com/android/builder/internal/packaging/PackagedFileUpdates
instanceKlass com/google/common/base/Predicates$CompositionPredicate
instanceKlass com/google/common/base/Predicates
instanceKlass com/android/builder/internal/packaging/IncrementalPackager$$Lambda$843
instanceKlass com/android/builder/internal/packaging/DexIncrementalRenameManager$1
instanceKlass com/android/builder/internal/packaging/DexIncrementalRenameManager$$Lambda$842
instanceKlass com/android/builder/internal/packaging/DexIncrementalRenameManager$$Lambda$841
instanceKlass com/android/builder/internal/packaging/PackagedFileUpdate
instanceKlass com/android/builder/internal/packaging/DexIncrementalRenameManager$$Lambda$840
instanceKlass com/android/builder/internal/packaging/DexIncrementalRenameManager$Bucket
instanceKlass com/android/builder/internal/packaging/DexFileNameSupplier
instanceKlass com/android/builder/internal/packaging/DexIncrementalRenameManager$$Lambda$839
instanceKlass com/android/builder/internal/packaging/DexIncrementalRenameManager$DexFileComparator
instanceKlass com/android/builder/internal/packaging/DexIncrementalRenameManager$$Lambda$838
instanceKlass com/android/builder/internal/packaging/DexIncrementalRenameManager$$Lambda$837
instanceKlass com/android/builder/files/NativeLibraryAbiPredicate
instanceKlass com/android/builder/internal/packaging/DexIncrementalRenameManager
instanceKlass com/android/tools/build/apkzlib/zfile/ApkZFileCreatorFactory
instanceKlass com/android/tools/build/apkzlib/zfile/ApkCreatorFactory
instanceKlass com/android/tools/build/apkzlib/zip/utils/ByteTracker
instanceKlass com/android/tools/build/apkzlib/zip/ZFileOptions$$Lambda$836
instanceKlass com/android/tools/build/apkzlib/zip/VerifyLog
instanceKlass com/android/tools/build/apkzlib/zip/VerifyLogs
instanceKlass com/android/tools/build/apkzlib/zip/AlignmentRules$$Lambda$835
instanceKlass com/android/tools/build/apkzlib/zip/AlignmentRules
instanceKlass com/android/tools/build/apkzlib/zip/AlignmentRule
instanceKlass com/android/tools/build/apkzlib/zip/ZFileOptions$$Lambda$834
instanceKlass com/android/tools/build/apkzlib/zip/compress/ExecutorCompressor
instanceKlass com/android/tools/build/apkzlib/zip/ZFileOptions$$Lambda$833
instanceKlass com/android/tools/build/apkzlib/bytestorage/TemporaryDirectoryFactory
instanceKlass com/android/tools/build/apkzlib/bytestorage/TemporaryDirectory
instanceKlass com/android/tools/build/apkzlib/bytestorage/OverflowToDiskByteStorageFactory
instanceKlass com/android/tools/build/apkzlib/bytestorage/ByteStorage
instanceKlass com/android/tools/build/apkzlib/bytestorage/ChunkBasedByteStorageFactory
instanceKlass com/android/tools/build/apkzlib/zip/Compressor
instanceKlass com/android/tools/build/apkzlib/bytestorage/ByteStorageFactory
instanceKlass com/android/tools/build/apkzlib/zip/ZFileOptions
instanceKlass com/android/build/gradle/internal/packaging/ApkCreatorFactories
instanceKlass com/android/builder/internal/packaging/IncrementalPackager
instanceKlass com/android/build/gradle/internal/packaging/IncrementalPackagerBuilder$$Lambda$832
instanceKlass com/android/builder/packaging/PackagingUtils$$Lambda$831
instanceKlass com/android/build/gradle/internal/packaging/IncrementalPackagerBuilder$$Lambda$830
instanceKlass com/android/apksig/util/RunnablesExecutor
instanceKlass com/android/apksig/util/RunnablesProvider
instanceKlass com/android/build/gradle/internal/packaging/IncrementalPackagerBuilder$1
instanceKlass com/android/tools/build/apkzlib/sign/SigningOptions$Builder
instanceKlass com/android/tools/build/apkzlib/sign/SigningOptions
instanceKlass com/android/ide/common/signing/CertificateInfo
instanceKlass java/security/KeyStore$PrivateKeyEntry
instanceKlass java/security/KeyStore$Entry
instanceKlass sun/security/pkcs/EncryptedPrivateKeyInfo
instanceKlass sun/security/provider/KeyProtector
instanceKlass sun/security/provider/JavaKeyStore$TrustedCertEntry
instanceKlass java/security/KeyStore$PasswordProtection
instanceKlass sun/security/provider/JavaKeyStore$KeyEntry
instanceKlass sun/security/provider/KeyStoreDelegator$1
instanceKlass java/security/KeyStoreSpi
instanceKlass com/android/tools/build/apkzlib/zfile/ApkCreatorFactory$CreationData$$Lambda$829
instanceKlass com/android/tools/build/apkzlib/zfile/ApkCreatorFactory$CreationData$Builder
instanceKlass com/android/tools/build/apkzlib/zfile/ApkCreatorFactory$CreationData
instanceKlass com/android/build/gradle/internal/packaging/IncrementalPackagerBuilder
instanceKlass com/android/build/gradle/tasks/PackageAndroidArtifact$$Lambda$828
instanceKlass com/android/builder/files/IncrementalChanges
instanceKlass com/android/build/gradle/tasks/PackageAndroidArtifact$IncrementalSplitterRunnable$$Lambda$827
instanceKlass com/android/build/gradle/internal/scope/BuildElements$WorkersBasedScheduler$transform$2
instanceKlass com/google/common/collect/ImmutableList$SerializedForm
instanceKlass com/android/build/gradle/tasks/PackageAndroidArtifact$SplitterParams$$Lambda$826
instanceKlass com/android/build/gradle/internal/signing/SigningConfigProviderParams$Companion
instanceKlass com/android/build/gradle/tasks/IncrementalChangesUtils$WhenMappings
instanceKlass com/android/builder/files/SerializableChange$Companion
instanceKlass com/android/builder/files/SerializableChange
instanceKlass com/android/builder/files/SerializableInputChanges$Companion
instanceKlass com/android/builder/files/SerializableInputChanges
instanceKlass com/android/build/gradle/tasks/IncrementalChangesUtils
instanceKlass com/android/build/gradle/tasks/PackageAndroidArtifact$$Lambda$825
instanceKlass com/android/build/gradle/internal/scope/BuildElementsTransformRunnable
instanceKlass kotlin/reflect/jvm/internal/UtilKt
instanceKlass kotlin/reflect/jvm/internal/impl/protobuf/SmallSortedMap$EntryIterator
instanceKlass kotlin/reflect/jvm/internal/impl/protobuf/GeneratedMessageLite$ExtendableMessage$ExtensionWriter
instanceKlass kotlin/reflect/jvm/internal/impl/load/kotlin/KotlinClassFinderKt
instanceKlass kotlin/reflect/jvm/internal/impl/load/java/lazy/descriptors/LazyJavaPackageScope$KotlinClassLookupResult
instanceKlass kotlin/reflect/jvm/internal/impl/serialization/deserialization/ProtoContainer
instanceKlass kotlin/reflect/jvm/internal/impl/descriptors/ScopesHolderForClass$Companion
instanceKlass kotlin/reflect/jvm/internal/impl/descriptors/ScopesHolderForClass
instanceKlass kotlin/reflect/jvm/internal/impl/serialization/deserialization/descriptors/DeserializedAnnotations
instanceKlass kotlin/reflect/jvm/internal/impl/descriptors/impl/AbstractTypeParameterDescriptor$2
instanceKlass kotlin/reflect/jvm/internal/impl/descriptors/impl/AbstractTypeParameterDescriptor$1
instanceKlass kotlin/reflect/jvm/internal/impl/descriptors/TypeParameterDescriptor
instanceKlass kotlin/reflect/jvm/internal/impl/types/model/TypeParameterMarker
instanceKlass kotlin/reflect/jvm/internal/impl/metadata/deserialization/VersionSpecificBehaviorKt
instanceKlass kotlin/reflect/jvm/internal/impl/serialization/deserialization/ProtoEnumFlags$WhenMappings
instanceKlass kotlin/reflect/jvm/internal/impl/metadata/ProtoBuf$MemberKind$1
instanceKlass kotlin/reflect/jvm/internal/impl/metadata/ProtoBuf$Class$Kind$1
instanceKlass kotlin/reflect/jvm/internal/impl/metadata/ProtoBuf$Modality$1
instanceKlass kotlin/reflect/jvm/internal/impl/metadata/ProtoBuf$Visibility$1
instanceKlass kotlin/reflect/jvm/internal/impl/metadata/deserialization/Flags$FlagField
instanceKlass kotlin/reflect/jvm/internal/impl/metadata/deserialization/Flags
instanceKlass kotlin/reflect/jvm/internal/impl/serialization/deserialization/ProtoEnumFlags
instanceKlass kotlin/reflect/jvm/internal/impl/metadata/jvm/deserialization/JvmNameResolver$WhenMappings
instanceKlass kotlin/reflect/jvm/internal/impl/serialization/deserialization/NameResolverUtilKt
instanceKlass kotlin/reflect/jvm/internal/impl/serialization/deserialization/MemberDeserializer
instanceKlass kotlin/reflect/jvm/internal/impl/serialization/deserialization/TypeDeserializer
instanceKlass kotlin/reflect/jvm/internal/impl/serialization/deserialization/DeserializationContext
instanceKlass kotlin/reflect/jvm/internal/impl/metadata/deserialization/VersionRequirementTable$Companion
instanceKlass kotlin/reflect/jvm/internal/impl/metadata/deserialization/VersionRequirementTable
instanceKlass kotlin/reflect/jvm/internal/impl/metadata/deserialization/TypeTable
instanceKlass kotlin/reflect/jvm/internal/impl/serialization/deserialization/ClassDeserializer$ClassKey
instanceKlass kotlin/reflect/jvm/internal/impl/serialization/deserialization/ClassData
instanceKlass kotlin/reflect/jvm/internal/impl/serialization/deserialization/DeserializationConfiguration$DefaultImpls
instanceKlass kotlin/reflect/jvm/internal/impl/load/kotlin/KotlinJvmBinarySourceElement
instanceKlass kotlin/reflect/jvm/internal/impl/serialization/deserialization/descriptors/DeserializedContainerSource
instanceKlass kotlin/reflect/jvm/internal/impl/protobuf/SmallSortedMap$Entry
instanceKlass kotlin/reflect/jvm/internal/impl/protobuf/FieldSet$1
instanceKlass kotlin/reflect/jvm/internal/impl/protobuf/AbstractMessageLite$Builder
instanceKlass kotlin/reflect/jvm/internal/impl/protobuf/GeneratedMessageLite$1
instanceKlass kotlin/reflect/jvm/internal/impl/metadata/ProtoBuf$Type$Argument$Projection$1
instanceKlass kotlin/reflect/jvm/internal/impl/metadata/ProtoBuf$Type$ArgumentOrBuilder
instanceKlass kotlin/reflect/jvm/internal/impl/metadata/jvm/JvmProtoBuf$StringTableTypes$Record$Operation$1
instanceKlass kotlin/reflect/jvm/internal/impl/metadata/jvm/JvmProtoBuf$StringTableTypes$RecordOrBuilder
instanceKlass kotlin/reflect/jvm/internal/impl/protobuf/WireFormat
instanceKlass kotlin/reflect/jvm/internal/impl/protobuf/CodedOutputStream
instanceKlass kotlin/reflect/jvm/internal/impl/protobuf/CodedInputStream
instanceKlass kotlin/reflect/jvm/internal/impl/metadata/jvm/JvmProtoBuf$StringTableTypesOrBuilder
instanceKlass kotlin/collections/IndexedValue
instanceKlass kotlin/collections/IndexingIterator
instanceKlass kotlin/collections/IndexingIterable
instanceKlass kotlin/reflect/jvm/internal/impl/metadata/jvm/deserialization/JvmNameResolver$Companion
